#
# There is insufficient memory for the Java Runtime Environment to continue.
# Native memory allocation (malloc) failed to allocate 1048576 bytes. Error detail: AllocateHeap
# Possible reasons:
#   The system is out of physical RAM or swap space
#   This process is running with CompressedOops enabled, and the Java Heap may be blocking the growth of the native heap
# Possible solutions:
#   Reduce memory load on the system
#   Increase physical memory or swap space
#   Check if swap backing store is full
#   Decrease Java heap size (-Xmx/-Xms)
#   Decrease number of Java threads
#   Decrease Java thread stack sizes (-Xss)
#   Set larger code cache with -XX:ReservedCodeCacheSize=
#   JVM is running with Unscaled Compressed Oops mode in which the Java heap is
#     placed in the first 4GB address space. The Java Heap base address is the
#     maximum limit for the native heap growth. Please use -XX:HeapBaseMinAddress
#     to set the Java Heap base and to place the Java Heap above 4GB virtual address.
# This output file may be truncated or incomplete.
#
#  Out of Memory Error (allocation.cpp:44), pid=21572, tid=844
#
# JRE version: OpenJDK Runtime Environment Temurin-21.0.10+7 (21.0.10+7) (build 21.0.10+7-LTS)
# Java VM: OpenJDK 64-Bit Server VM Temurin-21.0.10+7 (21.0.10+7-LTS, mixed mode, sharing, tiered, compressed oops, compressed class ptrs, parallel gc, windows-amd64)
# No core dump will be written. Minidumps are not enabled by default on client versions of Windows
#

---------------  S U M M A R Y ------------

Command Line: --add-modules=ALL-SYSTEM --add-opens=java.base/java.util=ALL-UNNAMED --add-opens=java.base/java.lang=ALL-UNNAMED --add-opens=java.base/sun.nio.fs=ALL-UNNAMED -Declipse.application=org.eclipse.jdt.ls.core.id1 -Dosgi.bundles.defaultStartLevel=4 -Declipse.product=org.eclipse.jdt.ls.core.product -Djava.import.generatesMetadataFilesAtProjectRoot=false -DDetectVMInstallationsJob.disabled=true -Dfile.encoding=utf8 -XX:+UseParallelGC -XX:GCTimeRatio=4 -XX:AdaptiveSizePolicyWeight=90 -Dsun.zip.disableMemoryMapping=true -Xmx2G -Xms100m -Xlog:disable -javaagent:c:\Users\phorn\.antigravity\extensions\redhat.java-1.54.0-win32-x64\lombok\lombok-1.18.39-4050.jar -XX:+HeapDumpOnOutOfMemoryError -XX:HeapDumpPath=c:\Users\phorn\AppData\Roaming\Antigravity\User\workspaceStorage\a8d2eb4c0e9f01341d3e3e6bd1828834\redhat.java -Daether.dependencyCollector.impl=bf c:\Users\phorn\.antigravity\extensions\redhat.java-1.54.0-win32-x64\server\plugins\org.eclipse.equinox.launcher_1.7.100.v20251111-0406.jar -configuration c:\Users\phorn\AppData\Roaming\Antigravity\User\globalStorage\redhat.java\1.54.0\config_win -data c:\Users\phorn\AppData\Roaming\Antigravity\User\workspaceStorage\a8d2eb4c0e9f01341d3e3e6bd1828834\redhat.java\jdt_ws --pipe=\\.\pipe\lsp-9a9f085cf4a332a2d51f6bfde15719fa-sock

Host: Intel(R) Core(TM) i5-8265U CPU @ 1.60GHz, 8 cores, 7G,  Windows 11 , 64 bit Build 26100 (10.0.26100.8246)
Time: Fri May  1 11:25:18 2026 SE Asia Standard Time elapsed time: 726.642651 seconds (0d 0h 12m 6s)

---------------  T H R E A D  ---------------

Current thread (0x000001d652418600):  JavaThread "Attach Listener" daemon [_thread_in_vm, id=844, stack(0x0000003d19200000,0x0000003d19300000) (1024K)]

Stack: [0x0000003d19200000,0x0000003d19300000]
Native frames: (J=compiled Java code, j=interpreted, Vv=VM code, C=native code)
V  [jvm.dll+0x6d7a39]
V  [jvm.dll+0x8b4b26]
V  [jvm.dll+0x8b70de]
V  [jvm.dll+0x8b77c3]
V  [jvm.dll+0x284346]
V  [jvm.dll+0xc1277]
V  [jvm.dll+0x6d82e9]
V  [jvm.dll+0x1334a6]
V  [jvm.dll+0x3f857e]
V  [jvm.dll+0x85f59d]
V  [jvm.dll+0x6d626d]
C  [ucrtbase.dll+0x37b0]
C  [KERNEL32.DLL+0x2e8d7]
C  [ntdll.dll+0x8c3fc]


---------------  P R O C E S S  ---------------

Threads class SMR info:
_java_thread_list=0x000001d6a6761fe0, length=35, elements={
0x000001d6395b69f0, 0x000001d63ba579e0, 0x000001d63ba5adc0, 0x000001d652415f80,
0x000001d652418600, 0x000001d652419990, 0x000001d65241fba0, 0x000001d652425850,
0x000001d6524296e0, 0x000001d6991d1030, 0x000001d6993538d0, 0x000001d699bc2890,
0x000001d6999285e0, 0x000001d699623020, 0x000001d699625aa0, 0x000001d69a03dd30,
0x000001d69a11d340, 0x000001d6993dc960, 0x000001d69a060510, 0x000001d69a05ead0,
0x000001d69a0618c0, 0x000001d69a05f160, 0x000001d69b94ae90, 0x000001d69b948730,
0x000001d69b94a170, 0x000001d69b94b520, 0x000001d69b9480a0, 0x000001d69b94a800,
0x000001d69b949ae0, 0x000001d69b94bbb0, 0x000001d69b949450, 0x000001d69b94c240,
0x000001d69b948dc0, 0x000001d69b94f6c0, 0x000001d69b548c30
}

Java Threads: ( => current thread )
  0x000001d6395b69f0 JavaThread "main"                              [_thread_blocked, id=7788, stack(0x0000003d18b00000,0x0000003d18c00000) (1024K)]
  0x000001d63ba579e0 JavaThread "Reference Handler"          daemon [_thread_blocked, id=4500, stack(0x0000003d18f00000,0x0000003d19000000) (1024K)]
  0x000001d63ba5adc0 JavaThread "Finalizer"                  daemon [_thread_blocked, id=9860, stack(0x0000003d19000000,0x0000003d19100000) (1024K)]
  0x000001d652415f80 JavaThread "Signal Dispatcher"          daemon [_thread_blocked, id=4284, stack(0x0000003d19100000,0x0000003d19200000) (1024K)]
=>0x000001d652418600 JavaThread "Attach Listener"            daemon [_thread_in_vm, id=844, stack(0x0000003d19200000,0x0000003d19300000) (1024K)]
  0x000001d652419990 JavaThread "Service Thread"             daemon [_thread_blocked, id=6168, stack(0x0000003d19300000,0x0000003d19400000) (1024K)]
  0x000001d65241fba0 JavaThread "Monitor Deflation Thread"   daemon [_thread_blocked, id=7128, stack(0x0000003d19400000,0x0000003d19500000) (1024K)]
  0x000001d652425850 JavaThread "C2 CompilerThread0"         daemon [_thread_blocked, id=5700, stack(0x0000003d19500000,0x0000003d19600000) (1024K)]
  0x000001d6524296e0 JavaThread "C1 CompilerThread0"         daemon [_thread_blocked, id=16844, stack(0x0000003d19600000,0x0000003d19700000) (1024K)]
  0x000001d6991d1030 JavaThread "Common-Cleaner"             daemon [_thread_blocked, id=10516, stack(0x0000003d19700000,0x0000003d19800000) (1024K)]
  0x000001d6993538d0 JavaThread "Notification Thread"        daemon [_thread_blocked, id=18936, stack(0x0000003d19800000,0x0000003d19900000) (1024K)]
  0x000001d699bc2890 JavaThread "Active Thread: Equinox Container: dee5fcfa-80ca-438f-b458-2068895de32a"        [_thread_blocked, id=20764, stack(0x0000003d1a000000,0x0000003d1a100000) (1024K)]
  0x000001d6999285e0 JavaThread "Refresh Thread: Equinox Container: dee5fcfa-80ca-438f-b458-2068895de32a" daemon [_thread_blocked, id=20596, stack(0x0000003d1a200000,0x0000003d1a300000) (1024K)]
  0x000001d699623020 JavaThread "Framework Event Dispatcher: Equinox Container: dee5fcfa-80ca-438f-b458-2068895de32a" daemon [_thread_blocked, id=19748, stack(0x0000003d1a300000,0x0000003d1a400000) (1024K)]
  0x000001d699625aa0 JavaThread "Start Level: Equinox Container: dee5fcfa-80ca-438f-b458-2068895de32a" daemon [_thread_blocked, id=21456, stack(0x0000003d1a400000,0x0000003d1a500000) (1024K)]
  0x000001d69a03dd30 JavaThread "Bundle File Closer"         daemon [_thread_blocked, id=19984, stack(0x0000003d19f00000,0x0000003d1a000000) (1024K)]
  0x000001d69a11d340 JavaThread "SCR Component Actor"        daemon [_thread_blocked, id=22296, stack(0x0000003d1a500000,0x0000003d1a600000) (1024K)]
  0x000001d6993dc960 JavaThread "Worker-JM"                         [_thread_blocked, id=12160, stack(0x0000003d1a600000,0x0000003d1a700000) (1024K)]
  0x000001d69a060510 JavaThread "JNA Cleaner"                daemon [_thread_blocked, id=19852, stack(0x0000003d1a700000,0x0000003d1a800000) (1024K)]
  0x000001d69a05ead0 JavaThread "Worker-0"                          [_thread_blocked, id=11360, stack(0x0000003d1a800000,0x0000003d1a900000) (1024K)]
  0x000001d69a0618c0 JavaThread "Java indexing"              daemon [_thread_blocked, id=20904, stack(0x0000003d1ab00000,0x0000003d1ac00000) (1024K)]
  0x000001d69a05f160 JavaThread "Worker-4"                          [_thread_blocked, id=11000, stack(0x0000003d1ae00000,0x0000003d1af00000) (1024K)]
  0x000001d69b94ae90 JavaThread "Thread-1"                   daemon [_thread_in_native, id=14228, stack(0x0000003d1b300000,0x0000003d1b400000) (1024K)]
  0x000001d69b948730 JavaThread "Thread-2"                   daemon [_thread_in_native, id=21108, stack(0x0000003d1b400000,0x0000003d1b500000) (1024K)]
  0x000001d69b94a170 JavaThread "Thread-3"                   daemon [_thread_in_native, id=8764, stack(0x0000003d1b500000,0x0000003d1b600000) (1024K)]
  0x000001d69b94b520 JavaThread "Thread-4"                   daemon [_thread_in_native, id=21980, stack(0x0000003d1b600000,0x0000003d1b700000) (1024K)]
  0x000001d69b9480a0 JavaThread "Thread-5"                   daemon [_thread_in_native, id=20528, stack(0x0000003d1b700000,0x0000003d1b800000) (1024K)]
  0x000001d69b94a800 JavaThread "Thread-6"                   daemon [_thread_in_native, id=20972, stack(0x0000003d1b800000,0x0000003d1b900000) (1024K)]
  0x000001d69b949ae0 JavaThread "Thread-7"                   daemon [_thread_in_native, id=16108, stack(0x0000003d1b900000,0x0000003d1ba00000) (1024K)]
  0x000001d69b94bbb0 JavaThread "Thread-8"                   daemon [_thread_in_native, id=22076, stack(0x0000003d1ba00000,0x0000003d1bb00000) (1024K)]
  0x000001d69b949450 JavaThread "Thread-9"                   daemon [_thread_in_native, id=13972, stack(0x0000003d1bb00000,0x0000003d1bc00000) (1024K)]
  0x000001d69b94c240 JavaThread "pool-2-thread-1"                   [_thread_blocked, id=14800, stack(0x0000003d1bc00000,0x0000003d1bd00000) (1024K)]
  0x000001d69b948dc0 JavaThread "WorkspaceEventsHandler"            [_thread_blocked, id=21552, stack(0x0000003d1bd00000,0x0000003d1be00000) (1024K)]
  0x000001d69b94f6c0 JavaThread "pool-1-thread-1"                   [_thread_blocked, id=1120, stack(0x0000003d1be00000,0x0000003d1bf00000) (1024K)]
  0x000001d69b548c30 JavaThread "Cleaner-0"                  daemon [_thread_blocked, id=22612, stack(0x0000003d18900000,0x0000003d18a00000) (1024K)]
Total: 35

Other Threads:
  0x000001d652412d70 VMThread "VM Thread"                           [id=18352, stack(0x0000003d18e00000,0x0000003d18f00000) (1024K)]
  0x000001d65232ca00 WatcherThread "VM Periodic Task Thread"        [id=11748, stack(0x0000003d18d00000,0x0000003d18e00000) (1024K)]
  0x000001d63b9b8c10 WorkerThread "GC Thread#0"                     [id=9440, stack(0x0000003d18c00000,0x0000003d18d00000) (1024K)]
  0x000001d699428040 WorkerThread "GC Thread#1"                     [id=3200, stack(0x0000003d19900000,0x0000003d19a00000) (1024K)]
  0x000001d69958e6f0 WorkerThread "GC Thread#2"                     [id=23728, stack(0x0000003d19a00000,0x0000003d19b00000) (1024K)]
  0x000001d69958eaa0 WorkerThread "GC Thread#3"                     [id=23256, stack(0x0000003d19b00000,0x0000003d19c00000) (1024K)]
  0x000001d6994283f0 WorkerThread "GC Thread#4"                     [id=15784, stack(0x0000003d19c00000,0x0000003d19d00000) (1024K)]
  0x000001d6994287a0 WorkerThread "GC Thread#5"                     [id=6032, stack(0x0000003d19d00000,0x0000003d19e00000) (1024K)]
  0x000001d699428b50 WorkerThread "GC Thread#6"                     [id=5792, stack(0x0000003d19e00000,0x0000003d19f00000) (1024K)]
  0x000001d6997bd490 WorkerThread "GC Thread#7"                     [id=10152, stack(0x0000003d1a100000,0x0000003d1a200000) (1024K)]
Total: 10

Threads with active compile tasks:
Total: 0

VM state: not at safepoint (normal execution)

VM Mutex/Monitor currently owned by a thread: None

Heap address: 0x0000000080000000, size: 2048 MB, Compressed Oops mode: 32-bit

CDS archive(s) mapped at: [0x000001d653000000-0x000001d653ba0000-0x000001d653ba0000), size 12189696, SharedBaseAddress: 0x000001d653000000, ArchiveRelocationMode: 1.
Compressed class space mapped at: 0x000001d654000000-0x000001d694000000, reserved size: 1073741824
Narrow klass base: 0x000001d653000000, Narrow klass shift: 0, Narrow klass range: 0x100000000

GC Precious Log:
 CardTable entry size: 512
 CPUs: 8 total, 8 available
 Memory: 8067M
 Large Page Support: Disabled
 NUMA Support: Disabled
 Compressed Oops: Enabled (32-bit)
 Alignments: Space 512K, Generation 512K, Heap 2M
 Heap Min Capacity: 100M
 Heap Initial Capacity: 100M
 Heap Max Capacity: 2G
 Pre-touch: Disabled
 Parallel Workers: 8

Heap:
 PSYoungGen      total 8704K, used 3353K [0x00000000d5580000, 0x00000000d5e80000, 0x0000000100000000)
  eden space 7168K, 44% used [0x00000000d5580000,0x00000000d58a6568,0x00000000d5c80000)
  from space 1536K, 8% used [0x00000000d5c80000,0x00000000d5ca0000,0x00000000d5e00000)
  to   space 512K, 0% used [0x00000000d5e00000,0x00000000d5e00000,0x00000000d5e80000)
 ParOldGen       total 167936K, used 167610K [0x0000000080000000, 0x000000008a400000, 0x00000000d5580000)
  object space 167936K, 99% used [0x0000000080000000,0x000000008a3ae988,0x000000008a400000)
 Metaspace       used 72861K, committed 74560K, reserved 1179648K
  class space    used 7457K, committed 8192K, reserved 1048576K

Card table byte_map: [0x000001d63b360000,0x000001d63b770000] _byte_map_base: 0x000001d63af60000

Marking Bits: (ParMarkBitMap*) 0x00007ffdb51a3450
 Begin Bits: [0x000001d64de50000, 0x000001d64fe50000)
 End Bits:   [0x000001d64fe50000, 0x000001d651e50000)

Polling page: 0x000001d639ba0000

Metaspace:

Usage:
  Non-class:     63.87 MB used.
      Class:      7.28 MB used.
       Both:     71.15 MB used.

Virtual space:
  Non-class space:      128.00 MB reserved,      64.81 MB ( 51%) committed,  2 nodes.
      Class space:        1.00 GB reserved,       8.00 MB ( <1%) committed,  1 nodes.
             Both:        1.12 GB reserved,      72.81 MB (  6%) committed. 

Chunk freelists:
   Non-Class:  14.64 MB
       Class:  7.97 MB
        Both:  22.61 MB

MaxMetaspaceSize: unlimited
CompressedClassSpaceSize: 1.00 GB
Initial GC threshold: 21.00 MB
Current GC threshold: 97.31 MB
CDS: on
 - commit_granule_bytes: 65536.
 - commit_granule_words: 8192.
 - virtual_space_node_default_size: 8388608.
 - enlarge_chunks_in_place: 1.
 - use_allocation_guard: 0.


Internal statistics:

num_allocs_failed_limit: 9.
num_arena_births: 1400.
num_arena_deaths: 14.
num_vsnodes_births: 3.
num_vsnodes_deaths: 0.
num_space_committed: 1165.
num_space_uncommitted: 0.
num_chunks_returned_to_freelist: 23.
num_chunks_taken_from_freelist: 5039.
num_chunk_merges: 10.
num_chunk_splits: 3008.
num_chunks_enlarged: 1589.
num_inconsistent_stats: 0.

CodeHeap 'non-profiled nmethods': size=120000Kb used=11288Kb max_used=11288Kb free=108711Kb
 bounds [0x000001d646670000, 0x000001d647180000, 0x000001d64dba0000]
CodeHeap 'profiled nmethods': size=120000Kb used=34271Kb max_used=34271Kb free=85728Kb
 bounds [0x000001d63eba0000, 0x000001d640d20000, 0x000001d6460d0000]
CodeHeap 'non-nmethods': size=5760Kb used=1463Kb max_used=1624Kb free=4296Kb
 bounds [0x000001d6460d0000, 0x000001d646340000, 0x000001d646670000]
CodeCache: size=245760Kb, used=47022Kb, max_used=47183Kb, free=198735Kb
 total_blobs=14724, nmethods=13945, adapters=682, full_count=0
Compilation: enabled, stopped_count=0, restarted_count=0

Compilation events (20 events):
Event: 339.060 Thread 0x000001d6524296e0 14818       1       org.eclipse.lsp4j.jsonrpc.messages.Message::setJsonrpc (6 bytes)
Event: 339.060 Thread 0x000001d6524296e0 nmethod 14818 0x000001d647175910 code [0x000001d647175aa0, 0x000001d647175b80]
Event: 339.061 Thread 0x000001d6524296e0 14819       1       org.eclipse.lsp4j.jsonrpc.messages.RequestMessage::getMethod (5 bytes)
Event: 339.061 Thread 0x000001d6524296e0 nmethod 14819 0x000001d647175c10 code [0x000001d647175da0, 0x000001d647175e68]
Event: 342.895 Thread 0x000001d6524296e0 14820   !   3       java.util.concurrent.locks.AbstractQueuedSynchronizer$ConditionObject::newConditionNode (78 bytes)
Event: 342.897 Thread 0x000001d6524296e0 nmethod 14820 0x000001d640d15210 code [0x000001d640d15480, 0x000001d640d15c60]
Event: 342.897 Thread 0x000001d6524296e0 14821       3       java.util.concurrent.locks.AbstractQueuedSynchronizer$ConditionNode::<init> (5 bytes)
Event: 342.898 Thread 0x000001d6524296e0 nmethod 14821 0x000001d640d15f10 code [0x000001d640d160c0, 0x000001d640d16288]
Event: 344.282 Thread 0x000001d6524296e0 14822       3       java.util.concurrent.Executors$RunnableAdapter::call (14 bytes)
Event: 344.282 Thread 0x000001d6524296e0 nmethod 14822 0x000001d640d16390 code [0x000001d640d16540, 0x000001d640d16728]
Event: 355.186 Thread 0x000001d652425850 14823       4       java.util.concurrent.atomic.AtomicLong::addAndGet (14 bytes)
Event: 355.188 Thread 0x000001d652425850 nmethod 14823 0x000001d647175f10 code [0x000001d6471760a0, 0x000001d647176138]
Event: 382.915 Thread 0x000001d6524296e0 14824   !   3       java.util.concurrent.locks.AbstractQueuedSynchronizer::reacquire (64 bytes)
Event: 382.916 Thread 0x000001d6524296e0 nmethod 14824 0x000001d640d16810 code [0x000001d640d169e0, 0x000001d640d16d50]
Event: 442.948 Thread 0x000001d6524296e0 14825       3       java.util.concurrent.TimeUnit::convert (73 bytes)
Event: 442.961 Thread 0x000001d6524296e0 nmethod 14825 0x000001d640d16f10 code [0x000001d640d17120, 0x000001d640d174b8]
Event: 623.088 Thread 0x000001d6524296e0 14826       3       java.util.concurrent.ScheduledThreadPoolExecutor$ScheduledFutureTask::getDelay (16 bytes)
Event: 623.106 Thread 0x000001d6524296e0 nmethod 14826 0x000001d640d17690 code [0x000001d640d17840, 0x000001d640d179d8]
Event: 683.118 Thread 0x000001d6524296e0 14827       3       java.util.concurrent.ThreadPoolExecutor::afterExecute (1 bytes)
Event: 683.125 Thread 0x000001d6524296e0 nmethod 14827 0x000001d640d17a90 code [0x000001d640d17c20, 0x000001d640d17d28]

GC Heap History (20 events):
Event: 77.134 GC heap before
{Heap before GC invocations=343 (full 3):
 PSYoungGen      total 8704K, used 8682K [0x00000000d5580000, 0x00000000d6280000, 0x0000000100000000)
  eden space 7168K, 99% used [0x00000000d5580000,0x00000000d5c7ffc8,0x00000000d5c80000)
  from space 1536K, 98% used [0x00000000d5c80000,0x00000000d5dfab38,0x00000000d5e00000)
  to   space 3072K, 0% used [0x00000000d5f80000,0x00000000d5f80000,0x00000000d6280000)
 ParOldGen       total 162816K, used 162432K [0x0000000080000000, 0x0000000089f00000, 0x00000000d5580000)
  object space 162816K, 99% used [0x0000000080000000,0x0000000089ea00c0,0x0000000089f00000)
 Metaspace       used 72309K, committed 73920K, reserved 1179648K
  class space    used 7417K, committed 8128K, reserved 1048576K
}
Event: 77.136 GC heap after
{Heap after GC invocations=343 (full 3):
 PSYoungGen      total 7680K, used 352K [0x00000000d5580000, 0x00000000d6000000, 0x0000000100000000)
  eden space 7168K, 0% used [0x00000000d5580000,0x00000000d5580000,0x00000000d5c80000)
  from space 512K, 68% used [0x00000000d5f80000,0x00000000d5fd8000,0x00000000d6000000)
  to   space 1536K, 0% used [0x00000000d5d00000,0x00000000d5d00000,0x00000000d5e80000)
 ParOldGen       total 163328K, used 163064K [0x0000000080000000, 0x0000000089f80000, 0x00000000d5580000)
  object space 163328K, 99% used [0x0000000080000000,0x0000000089f3e0c0,0x0000000089f80000)
 Metaspace       used 72309K, committed 73920K, reserved 1179648K
  class space    used 7417K, committed 8128K, reserved 1048576K
}
Event: 77.399 GC heap before
{Heap before GC invocations=344 (full 3):
 PSYoungGen      total 7680K, used 7520K [0x00000000d5580000, 0x00000000d6000000, 0x0000000100000000)
  eden space 7168K, 100% used [0x00000000d5580000,0x00000000d5c80000,0x00000000d5c80000)
  from space 512K, 68% used [0x00000000d5f80000,0x00000000d5fd8000,0x00000000d6000000)
  to   space 1536K, 0% used [0x00000000d5d00000,0x00000000d5d00000,0x00000000d5e80000)
 ParOldGen       total 163328K, used 163064K [0x0000000080000000, 0x0000000089f80000, 0x00000000d5580000)
  object space 163328K, 99% used [0x0000000080000000,0x0000000089f3e0c0,0x0000000089f80000)
 Metaspace       used 72414K, committed 74048K, reserved 1179648K
  class space    used 7424K, committed 8192K, reserved 1048576K
}
Event: 77.401 GC heap after
{Heap after GC invocations=344 (full 3):
 PSYoungGen      total 8704K, used 799K [0x00000000d5580000, 0x00000000d6000000, 0x0000000100000000)
  eden space 7168K, 0% used [0x00000000d5580000,0x00000000d5580000,0x00000000d5c80000)
  from space 1536K, 52% used [0x00000000d5d00000,0x00000000d5dc7e68,0x00000000d5e80000)
  to   space 1024K, 0% used [0x00000000d5f00000,0x00000000d5f00000,0x00000000d6000000)
 ParOldGen       total 163328K, used 163272K [0x0000000080000000, 0x0000000089f80000, 0x00000000d5580000)
  object space 163328K, 99% used [0x0000000080000000,0x0000000089f720c0,0x0000000089f80000)
 Metaspace       used 72414K, committed 74048K, reserved 1179648K
  class space    used 7424K, committed 8192K, reserved 1048576K
}
Event: 77.612 GC heap before
{Heap before GC invocations=345 (full 3):
 PSYoungGen      total 8704K, used 7967K [0x00000000d5580000, 0x00000000d6000000, 0x0000000100000000)
  eden space 7168K, 100% used [0x00000000d5580000,0x00000000d5c80000,0x00000000d5c80000)
  from space 1536K, 52% used [0x00000000d5d00000,0x00000000d5dc7e68,0x00000000d5e80000)
  to   space 1024K, 0% used [0x00000000d5f00000,0x00000000d5f00000,0x00000000d6000000)
 ParOldGen       total 163328K, used 163272K [0x0000000080000000, 0x0000000089f80000, 0x00000000d5580000)
  object space 163328K, 99% used [0x0000000080000000,0x0000000089f720c0,0x0000000089f80000)
 Metaspace       used 72449K, committed 74112K, reserved 1179648K
  class space    used 7424K, committed 8192K, reserved 1048576K
}
Event: 77.614 GC heap after
{Heap after GC invocations=345 (full 3):
 PSYoungGen      total 8192K, used 596K [0x00000000d5580000, 0x00000000d6000000, 0x0000000100000000)
  eden space 7168K, 0% used [0x00000000d5580000,0x00000000d5580000,0x00000000d5c80000)
  from space 1024K, 58% used [0x00000000d5f00000,0x00000000d5f95200,0x00000000d6000000)
  to   space 1024K, 0% used [0x00000000d5e00000,0x00000000d5e00000,0x00000000d5f00000)
 ParOldGen       total 163840K, used 163639K [0x0000000080000000, 0x000000008a000000, 0x00000000d5580000)
  object space 163840K, 99% used [0x0000000080000000,0x0000000089fcde30,0x000000008a000000)
 Metaspace       used 72449K, committed 74112K, reserved 1179648K
  class space    used 7424K, committed 8192K, reserved 1048576K
}
Event: 77.654 GC heap before
{Heap before GC invocations=346 (full 3):
 PSYoungGen      total 8192K, used 7764K [0x00000000d5580000, 0x00000000d6000000, 0x0000000100000000)
  eden space 7168K, 100% used [0x00000000d5580000,0x00000000d5c80000,0x00000000d5c80000)
  from space 1024K, 58% used [0x00000000d5f00000,0x00000000d5f95200,0x00000000d6000000)
  to   space 1024K, 0% used [0x00000000d5e00000,0x00000000d5e00000,0x00000000d5f00000)
 ParOldGen       total 163840K, used 163639K [0x0000000080000000, 0x000000008a000000, 0x00000000d5580000)
  object space 163840K, 99% used [0x0000000080000000,0x0000000089fcde30,0x000000008a000000)
 Metaspace       used 72473K, committed 74176K, reserved 1179648K
  class space    used 7424K, committed 8192K, reserved 1048576K
}
Event: 77.656 GC heap after
{Heap after GC invocations=346 (full 3):
 PSYoungGen      total 8192K, used 999K [0x00000000d5580000, 0x00000000d5f80000, 0x0000000100000000)
  eden space 7168K, 0% used [0x00000000d5580000,0x00000000d5580000,0x00000000d5c80000)
  from space 1024K, 97% used [0x00000000d5e00000,0x00000000d5ef9d18,0x00000000d5f00000)
  to   space 512K, 0% used [0x00000000d5f00000,0x00000000d5f00000,0x00000000d5f80000)
 ParOldGen       total 164352K, used 164076K [0x0000000080000000, 0x000000008a080000, 0x00000000d5580000)
  object space 164352K, 99% used [0x0000000080000000,0x000000008a03b040,0x000000008a080000)
 Metaspace       used 72473K, committed 74176K, reserved 1179648K
  class space    used 7424K, committed 8192K, reserved 1048576K
}
Event: 78.005 GC heap before
{Heap before GC invocations=347 (full 3):
 PSYoungGen      total 8192K, used 8167K [0x00000000d5580000, 0x00000000d5f80000, 0x0000000100000000)
  eden space 7168K, 100% used [0x00000000d5580000,0x00000000d5c80000,0x00000000d5c80000)
  from space 1024K, 97% used [0x00000000d5e00000,0x00000000d5ef9d18,0x00000000d5f00000)
  to   space 512K, 0% used [0x00000000d5f00000,0x00000000d5f00000,0x00000000d5f80000)
 ParOldGen       total 164352K, used 164076K [0x0000000080000000, 0x000000008a080000, 0x00000000d5580000)
  object space 164352K, 99% used [0x0000000080000000,0x000000008a03b040,0x000000008a080000)
 Metaspace       used 72482K, committed 74176K, reserved 1179648K
  class space    used 7424K, committed 8192K, reserved 1048576K
}
Event: 78.008 GC heap after
{Heap after GC invocations=347 (full 3):
 PSYoungGen      total 7680K, used 494K [0x00000000d5580000, 0x00000000d6180000, 0x0000000100000000)
  eden space 7168K, 0% used [0x00000000d5580000,0x00000000d5580000,0x00000000d5c80000)
  from space 512K, 96% used [0x00000000d5f00000,0x00000000d5f7b930,0x00000000d5f80000)
  to   space 2560K, 0% used [0x00000000d5c80000,0x00000000d5c80000,0x00000000d5f00000)
 ParOldGen       total 165888K, used 165517K [0x0000000080000000, 0x000000008a200000, 0x00000000d5580000)
  object space 165888K, 99% used [0x0000000080000000,0x000000008a1a3480,0x000000008a200000)
 Metaspace       used 72482K, committed 74176K, reserved 1179648K
  class space    used 7424K, committed 8192K, reserved 1048576K
}
Event: 78.046 GC heap before
{Heap before GC invocations=348 (full 3):
 PSYoungGen      total 7680K, used 7662K [0x00000000d5580000, 0x00000000d6180000, 0x0000000100000000)
  eden space 7168K, 100% used [0x00000000d5580000,0x00000000d5c80000,0x00000000d5c80000)
  from space 512K, 96% used [0x00000000d5f00000,0x00000000d5f7b930,0x00000000d5f80000)
  to   space 2560K, 0% used [0x00000000d5c80000,0x00000000d5c80000,0x00000000d5f00000)
 ParOldGen       total 165888K, used 165517K [0x0000000080000000, 0x000000008a200000, 0x00000000d5580000)
  object space 165888K, 99% used [0x0000000080000000,0x000000008a1a3480,0x000000008a200000)
 Metaspace       used 72496K, committed 74176K, reserved 1179648K
  class space    used 7424K, committed 8192K, reserved 1048576K
}
Event: 78.049 GC heap after
{Heap after GC invocations=348 (full 3):
 PSYoungGen      total 8192K, used 919K [0x00000000d5580000, 0x00000000d5f80000, 0x0000000100000000)
  eden space 7168K, 0% used [0x00000000d5580000,0x00000000d5580000,0x00000000d5c80000)
  from space 1024K, 89% used [0x00000000d5c80000,0x00000000d5d65d08,0x00000000d5d80000)
  to   space 1536K, 0% used [0x00000000d5e00000,0x00000000d5e00000,0x00000000d5f80000)
 ParOldGen       total 166400K, used 166003K [0x0000000080000000, 0x000000008a280000, 0x00000000d5580000)
  object space 166400K, 99% used [0x0000000080000000,0x000000008a21cdb0,0x000000008a280000)
 Metaspace       used 72496K, committed 74176K, reserved 1179648K
  class space    used 7424K, committed 8192K, reserved 1048576K
}
Event: 78.729 GC heap before
{Heap before GC invocations=349 (full 3):
 PSYoungGen      total 8192K, used 8087K [0x00000000d5580000, 0x00000000d5f80000, 0x0000000100000000)
  eden space 7168K, 100% used [0x00000000d5580000,0x00000000d5c80000,0x00000000d5c80000)
  from space 1024K, 89% used [0x00000000d5c80000,0x00000000d5d65d08,0x00000000d5d80000)
  to   space 1536K, 0% used [0x00000000d5e00000,0x00000000d5e00000,0x00000000d5f80000)
 ParOldGen       total 166400K, used 166003K [0x0000000080000000, 0x000000008a280000, 0x00000000d5580000)
  object space 166400K, 99% used [0x0000000080000000,0x000000008a21cdb0,0x000000008a280000)
 Metaspace       used 72512K, committed 74240K, reserved 1179648K
  class space    used 7424K, committed 8192K, reserved 1048576K
}
Event: 78.733 GC heap after
{Heap after GC invocations=349 (full 3):
 PSYoungGen      total 8192K, used 612K [0x00000000d5580000, 0x00000000d5f00000, 0x0000000100000000)
  eden space 7168K, 0% used [0x00000000d5580000,0x00000000d5580000,0x00000000d5c80000)
  from space 1024K, 59% used [0x00000000d5e00000,0x00000000d5e99210,0x00000000d5f00000)
  to   space 1024K, 0% used [0x00000000d5c80000,0x00000000d5c80000,0x00000000d5d80000)
 ParOldGen       total 166912K, used 166703K [0x0000000080000000, 0x000000008a300000, 0x00000000d5580000)
  object space 166912K, 99% used [0x0000000080000000,0x000000008a2cbfe0,0x000000008a300000)
 Metaspace       used 72512K, committed 74240K, reserved 1179648K
  class space    used 7424K, committed 8192K, reserved 1048576K
}
Event: 79.304 GC heap before
{Heap before GC invocations=350 (full 3):
 PSYoungGen      total 8192K, used 7780K [0x00000000d5580000, 0x00000000d5f00000, 0x0000000100000000)
  eden space 7168K, 100% used [0x00000000d5580000,0x00000000d5c80000,0x00000000d5c80000)
  from space 1024K, 59% used [0x00000000d5e00000,0x00000000d5e99210,0x00000000d5f00000)
  to   space 1024K, 0% used [0x00000000d5c80000,0x00000000d5c80000,0x00000000d5d80000)
 ParOldGen       total 166912K, used 166703K [0x0000000080000000, 0x000000008a300000, 0x00000000d5580000)
  object space 166912K, 99% used [0x0000000080000000,0x000000008a2cbfe0,0x000000008a300000)
 Metaspace       used 72536K, committed 74240K, reserved 1179648K
  class space    used 7424K, committed 8192K, reserved 1048576K
}
Event: 79.308 GC heap after
{Heap after GC invocations=350 (full 3):
 PSYoungGen      total 8192K, used 1006K [0x00000000d5580000, 0x00000000d5f80000, 0x0000000100000000)
  eden space 7168K, 0% used [0x00000000d5580000,0x00000000d5580000,0x00000000d5c80000)
  from space 1024K, 98% used [0x00000000d5c80000,0x00000000d5d7ba88,0x00000000d5d80000)
  to   space 1536K, 0% used [0x00000000d5e00000,0x00000000d5e00000,0x00000000d5f80000)
 ParOldGen       total 166912K, used 166799K [0x0000000080000000, 0x000000008a300000, 0x00000000d5580000)
  object space 166912K, 99% used [0x0000000080000000,0x000000008a2e3fe0,0x000000008a300000)
 Metaspace       used 72536K, committed 74240K, reserved 1179648K
  class space    used 7424K, committed 8192K, reserved 1048576K
}
Event: 79.927 GC heap before
{Heap before GC invocations=351 (full 3):
 PSYoungGen      total 8192K, used 8174K [0x00000000d5580000, 0x00000000d5f80000, 0x0000000100000000)
  eden space 7168K, 100% used [0x00000000d5580000,0x00000000d5c80000,0x00000000d5c80000)
  from space 1024K, 98% used [0x00000000d5c80000,0x00000000d5d7ba88,0x00000000d5d80000)
  to   space 1536K, 0% used [0x00000000d5e00000,0x00000000d5e00000,0x00000000d5f80000)
 ParOldGen       total 166912K, used 166799K [0x0000000080000000, 0x000000008a300000, 0x00000000d5580000)
  object space 166912K, 99% used [0x0000000080000000,0x000000008a2e3fe0,0x000000008a300000)
 Metaspace       used 72537K, committed 74240K, reserved 1179648K
  class space    used 7424K, committed 8192K, reserved 1048576K
}
Event: 79.929 GC heap after
{Heap after GC invocations=351 (full 3):
 PSYoungGen      total 8704K, used 986K [0x00000000d5580000, 0x00000000d5f80000, 0x0000000100000000)
  eden space 7168K, 0% used [0x00000000d5580000,0x00000000d5580000,0x00000000d5c80000)
  from space 1536K, 64% used [0x00000000d5e00000,0x00000000d5ef6a98,0x00000000d5f80000)
  to   space 1536K, 0% used [0x00000000d5c80000,0x00000000d5c80000,0x00000000d5e00000)
 ParOldGen       total 167424K, used 167285K [0x0000000080000000, 0x000000008a380000, 0x00000000d5580000)
  object space 167424K, 99% used [0x0000000080000000,0x000000008a35d720,0x000000008a380000)
 Metaspace       used 72537K, committed 74240K, reserved 1179648K
  class space    used 7424K, committed 8192K, reserved 1048576K
}
Event: 82.033 GC heap before
{Heap before GC invocations=352 (full 3):
 PSYoungGen      total 8704K, used 8154K [0x00000000d5580000, 0x00000000d5f80000, 0x0000000100000000)
  eden space 7168K, 100% used [0x00000000d5580000,0x00000000d5c80000,0x00000000d5c80000)
  from space 1536K, 64% used [0x00000000d5e00000,0x00000000d5ef6a98,0x00000000d5f80000)
  to   space 1536K, 0% used [0x00000000d5c80000,0x00000000d5c80000,0x00000000d5e00000)
 ParOldGen       total 167424K, used 167285K [0x0000000080000000, 0x000000008a380000, 0x00000000d5580000)
  object space 167424K, 99% used [0x0000000080000000,0x000000008a35d720,0x000000008a380000)
 Metaspace       used 72557K, committed 74240K, reserved 1179648K
  class space    used 7426K, committed 8192K, reserved 1048576K
}
Event: 82.035 GC heap after
{Heap after GC invocations=352 (full 3):
 PSYoungGen      total 8704K, used 128K [0x00000000d5580000, 0x00000000d5e80000, 0x0000000100000000)
  eden space 7168K, 0% used [0x00000000d5580000,0x00000000d5580000,0x00000000d5c80000)
  from space 1536K, 8% used [0x00000000d5c80000,0x00000000d5ca0000,0x00000000d5e00000)
  to   space 512K, 0% used [0x00000000d5e00000,0x00000000d5e00000,0x00000000d5e80000)
 ParOldGen       total 167936K, used 167610K [0x0000000080000000, 0x000000008a400000, 0x00000000d5580000)
  object space 167936K, 99% used [0x0000000080000000,0x000000008a3ae988,0x000000008a400000)
 Metaspace       used 72557K, committed 74240K, reserved 1179648K
  class space    used 7426K, committed 8192K, reserved 1048576K
}

Dll operation events (10 events):
Event: 0.173 Loaded shared library c:\Users\phorn\.antigravity\extensions\redhat.java-1.54.0-win32-x64\jre\21.0.10-win32-x86_64\bin\java.dll
Event: 1.892 Loaded shared library c:\Users\phorn\.antigravity\extensions\redhat.java-1.54.0-win32-x64\jre\21.0.10-win32-x86_64\bin\zip.dll
Event: 2.620 Loaded shared library C:\Users\phorn\.antigravity\extensions\redhat.java-1.54.0-win32-x64\jre\21.0.10-win32-x86_64\bin\instrument.dll
Event: 2.657 Loaded shared library C:\Users\phorn\.antigravity\extensions\redhat.java-1.54.0-win32-x64\jre\21.0.10-win32-x86_64\bin\net.dll
Event: 2.692 Loaded shared library C:\Users\phorn\.antigravity\extensions\redhat.java-1.54.0-win32-x64\jre\21.0.10-win32-x86_64\bin\nio.dll
Event: 2.702 Loaded shared library C:\Users\phorn\.antigravity\extensions\redhat.java-1.54.0-win32-x64\jre\21.0.10-win32-x86_64\bin\zip.dll
Event: 2.767 Loaded shared library C:\Users\phorn\.antigravity\extensions\redhat.java-1.54.0-win32-x64\jre\21.0.10-win32-x86_64\bin\jimage.dll
Event: 3.022 Loaded shared library c:\Users\phorn\.antigravity\extensions\redhat.java-1.54.0-win32-x64\jre\21.0.10-win32-x86_64\bin\verify.dll
Event: 14.442 Loaded shared library C:\Users\phorn\AppData\Roaming\Antigravity\User\globalStorage\redhat.java\1.54.0\config_win\org.eclipse.equinox.launcher\org.eclipse.equinox.launcher.win32.win32.x86_64_1.3.0.v20260203-2149\eclipse_11919.dll
Event: 31.246 Loaded shared library C:\Users\phorn\AppData\Local\Temp\jna-106642931\jna17006038562253080527.dll

Deoptimization events (20 events):
Event: 338.539 Thread 0x000001d69a05ead0 Uncommon trap: trap_request=0xffffffde fr.pc=0x000001d64695c138 relative=0x0000000000000bf8
Event: 338.539 Thread 0x000001d69a05ead0 Uncommon trap: reason=class_check action=maybe_recompile pc=0x000001d64695c138 method=java.io.DataOutputStream.write([BII)V @ 7 c2
Event: 338.539 Thread 0x000001d69a05ead0 DEOPT PACKING pc=0x000001d64695c138 sp=0x0000003d1a8fed50
Event: 338.539 Thread 0x000001d69a05ead0 DEOPT UNPACKING pc=0x000001d646123aa2 sp=0x0000003d1a8fec80 mode 2
Event: 338.539 Thread 0x000001d69a05ead0 Uncommon trap: trap_request=0xffffffde fr.pc=0x000001d64695c138 relative=0x0000000000000bf8
Event: 338.539 Thread 0x000001d69a05ead0 Uncommon trap: reason=class_check action=maybe_recompile pc=0x000001d64695c138 method=java.io.DataOutputStream.write([BII)V @ 7 c2
Event: 338.539 Thread 0x000001d69a05ead0 DEOPT PACKING pc=0x000001d64695c138 sp=0x0000003d1a8feca0
Event: 338.539 Thread 0x000001d69a05ead0 DEOPT UNPACKING pc=0x000001d646123aa2 sp=0x0000003d1a8febd0 mode 2
Event: 338.539 Thread 0x000001d69a05ead0 Uncommon trap: trap_request=0xffffffc6 fr.pc=0x000001d6469659a0 relative=0x0000000000000a80
Event: 338.539 Thread 0x000001d69a05ead0 Uncommon trap: reason=bimorphic_or_optimized_type_check action=maybe_recompile pc=0x000001d6469659a0 method=java.io.DataOutputStream.writeInt(I)V @ 19 c2
Event: 338.539 Thread 0x000001d69a05ead0 DEOPT PACKING pc=0x000001d6469659a0 sp=0x0000003d1a8febd0
Event: 338.539 Thread 0x000001d69a05ead0 DEOPT UNPACKING pc=0x000001d646123aa2 sp=0x0000003d1a8febc8 mode 2
Event: 338.539 Thread 0x000001d69a05ead0 Uncommon trap: trap_request=0xffffffc6 fr.pc=0x000001d6469659a0 relative=0x0000000000000a80
Event: 338.539 Thread 0x000001d69a05ead0 Uncommon trap: reason=bimorphic_or_optimized_type_check action=maybe_recompile pc=0x000001d6469659a0 method=java.io.DataOutputStream.writeInt(I)V @ 19 c2
Event: 338.539 Thread 0x000001d69a05ead0 DEOPT PACKING pc=0x000001d6469659a0 sp=0x0000003d1a8feb70
Event: 338.539 Thread 0x000001d69a05ead0 DEOPT UNPACKING pc=0x000001d646123aa2 sp=0x0000003d1a8feb68 mode 2
Event: 338.914 Thread 0x000001d69a05ead0 Uncommon trap: trap_request=0xffffff45 fr.pc=0x000001d646dcc614 relative=0x0000000000000614
Event: 338.914 Thread 0x000001d69a05ead0 Uncommon trap: reason=unstable_if action=reinterpret pc=0x000001d646dcc614 method=java.io.InputStream.read([BII)I @ 52 c2
Event: 338.914 Thread 0x000001d69a05ead0 DEOPT PACKING pc=0x000001d646dcc614 sp=0x0000003d1a8fedc0
Event: 338.914 Thread 0x000001d69a05ead0 DEOPT UNPACKING pc=0x000001d646123aa2 sp=0x0000003d1a8fed40 mode 2

Classes loaded (20 events):
Event: 74.903 Loading class java/util/stream/ReduceOps$1ReducingSink
Event: 74.903 Loading class java/util/stream/ReduceOps$1ReducingSink done
Event: 75.753 Loading class jdk/internal/ref/CleanerImpl$InnocuousThreadFactory
Event: 75.802 Loading class jdk/internal/ref/CleanerImpl$InnocuousThreadFactory done
Event: 337.926 Loading class java/util/stream/Nodes$CollectorTask$OfRef
Event: 337.931 Loading class java/util/stream/Nodes$CollectorTask
Event: 337.940 Loading class java/util/stream/Nodes$CollectorTask done
Event: 337.940 Loading class java/util/stream/Nodes$CollectorTask$OfRef done
Event: 338.125 Loading class java/util/function/LongFunction
Event: 338.126 Loading class java/util/function/LongFunction done
Event: 338.131 Loading class java/util/stream/Nodes$ConcNode
Event: 338.134 Loading class java/util/stream/Nodes$AbstractConcNode
Event: 338.136 Loading class java/util/stream/Nodes$AbstractConcNode done
Event: 338.136 Loading class java/util/stream/Nodes$ConcNode done
Event: 338.300 Loading class java/io/ObjectOutputStream$BlockDataOutputStream
Event: 338.303 Loading class java/io/ObjectOutputStream$BlockDataOutputStream done
Event: 338.304 Loading class java/io/ObjectOutputStream$HandleTable
Event: 338.305 Loading class java/io/ObjectOutputStream$HandleTable done
Event: 338.306 Loading class java/io/ObjectOutputStream$ReplaceTable
Event: 338.307 Loading class java/io/ObjectOutputStream$ReplaceTable done

Classes unloaded (7 events):
Event: 36.374 Thread 0x000001d652412d70 Unloading class 0x000001d6541a8800 'java/lang/invoke/LambdaForm$MH+0x000001d6541a8800'
Event: 36.374 Thread 0x000001d652412d70 Unloading class 0x000001d6541a8400 'java/lang/invoke/LambdaForm$MH+0x000001d6541a8400'
Event: 36.374 Thread 0x000001d652412d70 Unloading class 0x000001d6541a8000 'java/lang/invoke/LambdaForm$MH+0x000001d6541a8000'
Event: 36.374 Thread 0x000001d652412d70 Unloading class 0x000001d6541a7c00 'java/lang/invoke/LambdaForm$MH+0x000001d6541a7c00'
Event: 36.374 Thread 0x000001d652412d70 Unloading class 0x000001d6541a7800 'java/lang/invoke/LambdaForm$BMH+0x000001d6541a7800'
Event: 36.374 Thread 0x000001d652412d70 Unloading class 0x000001d6541a7400 'java/lang/invoke/LambdaForm$DMH+0x000001d6541a7400'
Event: 36.374 Thread 0x000001d652412d70 Unloading class 0x000001d6541a6000 'java/lang/invoke/LambdaForm$DMH+0x000001d6541a6000'

Classes redefined (0 events):
No events

Internal exceptions (20 events):
Event: 67.354 Thread 0x000001d69b94d5f0 Implicit null exception at 0x000001d6469bd4cb to 0x000001d6469bdf70
Event: 68.519 Thread 0x000001d69a05ead0 Implicit null exception at 0x000001d646989224 to 0x000001d646989550
Event: 70.092 Thread 0x000001d69b94dc80 Exception <a 'sun/nio/fs/WindowsException'{0x00000000d5c515a0}> (0x00000000d5c515a0) 
thrown [s\src\hotspot\share\prims\jni.cpp, line 520]
Event: 70.092 Thread 0x000001d69b94dc80 Exception <a 'sun/nio/fs/WindowsException'{0x00000000d5c51ea0}> (0x00000000d5c51ea0) 
thrown [s\src\hotspot\share\prims\jni.cpp, line 520]
Event: 70.093 Thread 0x000001d69b94dc80 Exception <a 'sun/nio/fs/WindowsException'{0x00000000d5ce0f78}> (0x00000000d5ce0f78) 
thrown [s\src\hotspot\share\prims\jni.cpp, line 520]
Event: 70.093 Thread 0x000001d69b94dc80 Exception <a 'sun/nio/fs/WindowsException'{0x00000000d5ce1858}> (0x00000000d5ce1858) 
thrown [s\src\hotspot\share\prims\jni.cpp, line 520]
Event: 70.129 Thread 0x000001d69b94dc80 Exception <a 'sun/nio/fs/WindowsException'{0x00000000d56c5e28}> (0x00000000d56c5e28) 
thrown [s\src\hotspot\share\prims\jni.cpp, line 520]
Event: 70.131 Thread 0x000001d69b94dc80 Exception <a 'sun/nio/fs/WindowsException'{0x00000000d574faf0}> (0x00000000d574faf0) 
thrown [s\src\hotspot\share\prims\jni.cpp, line 520]
Event: 70.177 Thread 0x000001d69b94dc80 Exception <a 'sun/nio/fs/WindowsException'{0x00000000d596eea0}> (0x00000000d596eea0) 
thrown [s\src\hotspot\share\prims\jni.cpp, line 520]
Event: 70.177 Thread 0x000001d69b94dc80 Exception <a 'sun/nio/fs/WindowsException'{0x00000000d59c27d0}> (0x00000000d59c27d0) 
thrown [s\src\hotspot\share\prims\jni.cpp, line 520]
Event: 71.920 Thread 0x000001d69b94e310 Exception <a 'java/lang/IncompatibleClassChangeError'{0x00000000d576af40}: Found class java.lang.Object, but interface was expected> (0x00000000d576af40) 
thrown [s\src\hotspot\share\interpreter\linkResolver.cpp, line 840]
Event: 73.468 Thread 0x000001d69a05f160 Exception <a 'sun/nio/fs/WindowsException'{0x00000000d581ae10}> (0x00000000d581ae10) 
thrown [s\src\hotspot\share\prims\jni.cpp, line 520]
Event: 73.468 Thread 0x000001d69a05f160 Exception <a 'sun/nio/fs/WindowsException'{0x00000000d581b440}> (0x00000000d581b440) 
thrown [s\src\hotspot\share\prims\jni.cpp, line 520]
Event: 73.543 Thread 0x000001d69b94d5f0 Implicit null exception at 0x000001d646f79624 to 0x000001d646f7ac88
Event: 76.904 Thread 0x000001d69b94c8d0 Exception <a 'java/lang/NoSuchMethodError'{0x00000000d5b4dc40}: 'java.lang.Object java.lang.invoke.DirectMethodHandle$Holder.newInvokeSpecial(java.lang.Object, java.lang.Object, int, java.lang.Object, java.lang.Object, java.lang.Object, java.lang.Object)'> (0x00000000d5b4dc40) 
thrown [s\src\hotspot\share\interpreter\linkResolver.cpp, line 773]
Event: 338.255 Thread 0x000001d69a05ead0 Exception <a 'sun/nio/fs/WindowsException'{0x00000000d576a6f0}> (0x00000000d576a6f0) 
thrown [s\src\hotspot\share\prims\jni.cpp, line 520]
Event: 338.257 Thread 0x000001d69a05ead0 Exception <a 'sun/nio/fs/WindowsException'{0x00000000d576afd0}> (0x00000000d576afd0) 
thrown [s\src\hotspot\share\prims\jni.cpp, line 520]
Event: 338.262 Thread 0x000001d69a05ead0 Implicit null exception at 0x000001d646f16c89 to 0x000001d646f17028
Event: 338.497 Thread 0x000001d69a05ead0 Exception <a 'java/lang/NoSuchMethodError'{0x00000000d580a168}: static [J.<clinit>()V> (0x00000000d580a168) 
thrown [s\src\hotspot\share\prims\jni.cpp, line 1111]
Event: 338.557 Thread 0x000001d69a05ead0 Exception <a 'java/lang/NoSuchMethodError'{0x00000000d58402d0}: 'java.lang.Object java.lang.invoke.DirectMethodHandle$Holder.newInvokeSpecial(java.lang.Object, java.lang.Object, java.lang.Object, java.lang.Object, java.lang.Object, java.lang.Object, java.lang.Object, java.lang.Object)'> (0x00000000d58402d0) 
thrown [s\src\hotspot\share\interpreter\linkResolver.cpp, line 773]

ZGC Phase Switch (0 events):
No events

VM Operations (20 events):
Event: 338.591 Executing non-safepoint VM operation: HandshakeAllThreads (Deoptimize)
Event: 338.591 Executing non-safepoint VM operation: HandshakeAllThreads (Deoptimize) done
Event: 339.595 Executing safepoint VM operation: Cleanup
Event: 339.595 Executing safepoint VM operation: Cleanup done
Event: 353.703 Executing safepoint VM operation: Cleanup
Event: 353.703 Executing safepoint VM operation: Cleanup done
Event: 361.002 Executing non-safepoint VM operation: HandshakeAllThreads (HandshakeForDeflation)
Event: 361.002 Executing non-safepoint VM operation: HandshakeAllThreads (HandshakeForDeflation) done
Event: 361.002 Executing non-safepoint VM operation: RendezvousGCThreads
Event: 361.002 Executing non-safepoint VM operation: RendezvousGCThreads done
Event: 375.101 Executing safepoint VM operation: Cleanup
Event: 375.101 Executing safepoint VM operation: Cleanup done
Event: 481.196 Executing non-safepoint VM operation: HandshakeAllThreads (HandshakeForDeflation)
Event: 481.197 Executing non-safepoint VM operation: HandshakeAllThreads (HandshakeForDeflation) done
Event: 481.197 Executing non-safepoint VM operation: RendezvousGCThreads
Event: 481.198 Executing non-safepoint VM operation: RendezvousGCThreads done
Event: 721.983 Executing non-safepoint VM operation: HandshakeAllThreads (HandshakeForDeflation)
Event: 722.687 Executing non-safepoint VM operation: HandshakeAllThreads (HandshakeForDeflation) done
Event: 722.690 Executing non-safepoint VM operation: RendezvousGCThreads
Event: 722.690 Executing non-safepoint VM operation: RendezvousGCThreads done

Memory protections (0 events):
No events

Nmethod flushes (20 events):
Event: 52.744 Thread 0x000001d652412d70 flushing  nmethod 0x000001d63f5ef890
Event: 52.744 Thread 0x000001d652412d70 flushing  nmethod 0x000001d63f5efd10
Event: 52.744 Thread 0x000001d652412d70 flushing  nmethod 0x000001d63f5f6210
Event: 52.744 Thread 0x000001d652412d70 flushing  nmethod 0x000001d63f5f7690
Event: 52.744 Thread 0x000001d652412d70 flushing  nmethod 0x000001d63f5f7c10
Event: 52.744 Thread 0x000001d652412d70 flushing  nmethod 0x000001d63f5f8010
Event: 52.744 Thread 0x000001d652412d70 flushing  nmethod 0x000001d63f5f8490
Event: 52.744 Thread 0x000001d652412d70 flushing  nmethod 0x000001d63f5f8a90
Event: 52.744 Thread 0x000001d652412d70 flushing  nmethod 0x000001d63f5f8e90
Event: 52.744 Thread 0x000001d652412d70 flushing  nmethod 0x000001d63f5f9490
Event: 52.744 Thread 0x000001d652412d70 flushing  nmethod 0x000001d63f60fe90
Event: 52.744 Thread 0x000001d652412d70 flushing  nmethod 0x000001d63f61d610
Event: 52.744 Thread 0x000001d652412d70 flushing  nmethod 0x000001d63f63d410
Event: 52.744 Thread 0x000001d652412d70 flushing  nmethod 0x000001d63f63e910
Event: 52.744 Thread 0x000001d652412d70 flushing  nmethod 0x000001d63f640990
Event: 52.744 Thread 0x000001d652412d70 flushing  nmethod 0x000001d63f649a10
Event: 52.744 Thread 0x000001d652412d70 flushing  nmethod 0x000001d63f653490
Event: 52.744 Thread 0x000001d652412d70 flushing  nmethod 0x000001d63f65cb90
Event: 52.744 Thread 0x000001d652412d70 flushing  nmethod 0x000001d63f69ed90
Event: 52.744 Thread 0x000001d652412d70 flushing  nmethod 0x000001d63f6a5c10

Events (20 events):
Event: 338.541 Thread 0x000001d6524296e0 Thread added: 0x000001d699a4b5c0
Event: 339.060 Thread 0x000001d699a4b5c0 Thread exited: 0x000001d699a4b5c0
Event: 350.546 Thread 0x000001d69ba9c8a0 Thread exited: 0x000001d69ba9c8a0
Event: 350.622 Thread 0x000001d69ba9bb80 Thread exited: 0x000001d69ba9bb80
Event: 350.640 Thread 0x000001d69ba9ae60 Thread exited: 0x000001d69ba9ae60
Event: 350.648 Thread 0x000001d69ba9cf30 Thread exited: 0x000001d69ba9cf30
Event: 355.154 Thread 0x000001d69b549950 Thread exited: 0x000001d69b549950
Event: 355.169 Thread 0x000001d69b547f10 Thread exited: 0x000001d69b547f10
Event: 355.186 Thread 0x000001d69b54ad00 Thread exited: 0x000001d69b54ad00
Event: 355.251 Thread 0x000001d69b5492c0 Thread exited: 0x000001d69b5492c0
Event: 355.451 Thread 0x000001d69ba97350 Thread exited: 0x000001d69ba97350
Event: 355.451 Thread 0x000001d69ba98700 Thread exited: 0x000001d69ba98700
Event: 355.467 Thread 0x000001d69ba98070 Thread exited: 0x000001d69ba98070
Event: 356.618 Thread 0x000001d69b54b390 Thread exited: 0x000001d69b54b390
Event: 357.358 Thread 0x000001d69b549fe0 Thread exited: 0x000001d69b549fe0
Event: 382.238 Thread 0x000001d69b94dc80 Thread exited: 0x000001d69b94dc80
Event: 415.459 Thread 0x000001d69ba979e0 Thread exited: 0x000001d69ba979e0
Event: 442.246 Thread 0x000001d69b94f030 Thread exited: 0x000001d69b94f030
Event: 475.465 Thread 0x000001d69ba9a140 Thread exited: 0x000001d69ba9a140
Event: 502.253 Thread 0x000001d69b94cf60 Thread exited: 0x000001d69b94cf60


Dynamic libraries:
0x00007ff6ad140000 - 0x00007ff6ad14e000 	c:\Users\phorn\.antigravity\extensions\redhat.java-1.54.0-win32-x64\jre\21.0.10-win32-x86_64\bin\java.exe
0x00007ffe2c2c0000 - 0x00007ffe2c527000 	C:\WINDOWS\SYSTEM32\ntdll.dll
0x00007ffe2a110000 - 0x00007ffe2a1d9000 	C:\WINDOWS\System32\KERNEL32.DLL
0x00007ffe28cc0000 - 0x00007ffe290b4000 	C:\WINDOWS\System32\KERNELBASE.dll
0x00007ffe29460000 - 0x00007ffe295ab000 	C:\WINDOWS\System32\ucrtbase.dll
0x00007ffdd4d10000 - 0x00007ffdd4d28000 	c:\Users\phorn\.antigravity\extensions\redhat.java-1.54.0-win32-x64\jre\21.0.10-win32-x86_64\bin\jli.dll
0x00007ffe2bd60000 - 0x00007ffe2bf25000 	C:\WINDOWS\System32\USER32.dll
0x00007ffe29200000 - 0x00007ffe29227000 	C:\WINDOWS\System32\win32u.dll
0x00007ffe2a770000 - 0x00007ffe2a79b000 	C:\WINDOWS\System32\GDI32.dll
0x00007ffe28b90000 - 0x00007ffe28cbb000 	C:\WINDOWS\System32\gdi32full.dll
0x00007ffe29fa0000 - 0x00007ffe2a043000 	C:\WINDOWS\System32\msvcp_win.dll
0x00007ffdc6ac0000 - 0x00007ffdc6ade000 	c:\Users\phorn\.antigravity\extensions\redhat.java-1.54.0-win32-x64\jre\21.0.10-win32-x86_64\bin\VCRUNTIME140.dll
0x00007ffe0cd20000 - 0x00007ffe0cfb3000 	C:\WINDOWS\WinSxS\amd64_microsoft.windows.common-controls_6595b64144ccf1df_6.0.26100.8115_none_3e075c82e3354f9c\COMCTL32.dll
0x00007ffe2aae0000 - 0x00007ffe2ab89000 	C:\WINDOWS\System32\msvcrt.dll
0x00007ffe2a580000 - 0x00007ffe2a5b2000 	C:\WINDOWS\System32\IMM32.DLL
0x00007ffe241d0000 - 0x00007ffe241dc000 	c:\Users\phorn\.antigravity\extensions\redhat.java-1.54.0-win32-x64\jre\21.0.10-win32-x86_64\bin\vcruntime140_1.dll
0x00007ffdbef50000 - 0x00007ffdbefdd000 	c:\Users\phorn\.antigravity\extensions\redhat.java-1.54.0-win32-x64\jre\21.0.10-win32-x86_64\bin\msvcp140.dll
0x00007ffdb44e0000 - 0x00007ffdb5281000 	c:\Users\phorn\.antigravity\extensions\redhat.java-1.54.0-win32-x64\jre\21.0.10-win32-x86_64\bin\server\jvm.dll
0x00007ffe2bca0000 - 0x00007ffe2bd56000 	C:\WINDOWS\System32\ADVAPI32.dll
0x00007ffe2a8c0000 - 0x00007ffe2a967000 	C:\WINDOWS\System32\sechost.dll
0x00007ffe2a7a0000 - 0x00007ffe2a8b8000 	C:\WINDOWS\System32\RPCRT4.dll
0x00007ffe2a050000 - 0x00007ffe2a0d0000 	C:\WINDOWS\System32\WS2_32.dll
0x00007ffe28a10000 - 0x00007ffe28a6e000 	C:\WINDOWS\SYSTEM32\POWRPROF.dll
0x00007ffe1d6b0000 - 0x00007ffe1d6e6000 	C:\WINDOWS\SYSTEM32\WINMM.dll
0x00007ffe21c10000 - 0x00007ffe21c1b000 	C:\WINDOWS\SYSTEM32\VERSION.dll
0x00007ffe289f0000 - 0x00007ffe28a04000 	C:\WINDOWS\SYSTEM32\UMPDC.dll
0x00007ffe278e0000 - 0x00007ffe278fb000 	C:\WINDOWS\SYSTEM32\kernel.appcore.dll
0x00007ffe1ca20000 - 0x00007ffe1ca2a000 	c:\Users\phorn\.antigravity\extensions\redhat.java-1.54.0-win32-x64\jre\21.0.10-win32-x86_64\bin\jimage.dll
0x00007ffe1d3f0000 - 0x00007ffe1d632000 	C:\WINDOWS\SYSTEM32\DBGHELP.DLL
0x00007ffe2ac10000 - 0x00007ffe2af92000 	C:\WINDOWS\System32\combase.dll
0x00007ffe2a970000 - 0x00007ffe2aa48000 	C:\WINDOWS\System32\OLEAUT32.dll
0x00007ffe1d350000 - 0x00007ffe1d38b000 	C:\WINDOWS\SYSTEM32\dbgcore.DLL
0x00007ffe29150000 - 0x00007ffe291f5000 	C:\WINDOWS\System32\bcryptPrimitives.dll
0x00007ffe1b920000 - 0x00007ffe1b92f000 	c:\Users\phorn\.antigravity\extensions\redhat.java-1.54.0-win32-x64\jre\21.0.10-win32-x86_64\bin\instrument.dll
0x00007ffdc63d0000 - 0x00007ffdc63f0000 	c:\Users\phorn\.antigravity\extensions\redhat.java-1.54.0-win32-x64\jre\21.0.10-win32-x86_64\bin\java.dll
0x00007ffe2b0a0000 - 0x00007ffe2b807000 	C:\WINDOWS\System32\SHELL32.dll
0x00007ffe292f0000 - 0x00007ffe2945a000 	C:\WINDOWS\System32\wintypes.dll
0x00007ffe29730000 - 0x00007ffe29f98000 	C:\WINDOWS\System32\windows.storage.dll
0x00007ffe2bf30000 - 0x00007ffe2c028000 	C:\WINDOWS\System32\SHCORE.dll
0x00007ffe2a510000 - 0x00007ffe2a576000 	C:\WINDOWS\System32\shlwapi.dll
0x00007ffe28ab0000 - 0x00007ffe28ad9000 	C:\WINDOWS\SYSTEM32\profapi.dll
0x00007ffdc18f0000 - 0x00007ffdc1908000 	c:\Users\phorn\.antigravity\extensions\redhat.java-1.54.0-win32-x64\jre\21.0.10-win32-x86_64\bin\zip.dll
0x00007ffe1b8f0000 - 0x00007ffe1b900000 	C:\Users\phorn\.antigravity\extensions\redhat.java-1.54.0-win32-x64\jre\21.0.10-win32-x86_64\bin\net.dll
0x00007ffe213f0000 - 0x00007ffe2151d000 	C:\WINDOWS\SYSTEM32\WINHTTP.dll
0x00007ffe27e30000 - 0x00007ffe27e9c000 	C:\WINDOWS\system32\mswsock.dll
0x00007ffdc18d0000 - 0x00007ffdc18e6000 	C:\Users\phorn\.antigravity\extensions\redhat.java-1.54.0-win32-x64\jre\21.0.10-win32-x86_64\bin\nio.dll
0x00007ffe1a580000 - 0x00007ffe1a590000 	c:\Users\phorn\.antigravity\extensions\redhat.java-1.54.0-win32-x64\jre\21.0.10-win32-x86_64\bin\verify.dll
0x00007ffdbee90000 - 0x00007ffdbeed5000 	C:\Users\phorn\AppData\Roaming\Antigravity\User\globalStorage\redhat.java\1.54.0\config_win\org.eclipse.equinox.launcher\org.eclipse.equinox.launcher.win32.win32.x86_64_1.3.0.v20260203-2149\eclipse_11919.dll
0x00007ffe2c0e0000 - 0x00007ffe2c277000 	C:\WINDOWS\System32\ole32.dll
0x00007ffe28230000 - 0x00007ffe2824b000 	C:\WINDOWS\SYSTEM32\CRYPTSP.dll
0x00007ffe27840000 - 0x00007ffe27879000 	C:\WINDOWS\system32\rsaenh.dll
0x00007ffe27ee0000 - 0x00007ffe27f13000 	C:\WINDOWS\SYSTEM32\USERENV.dll
0x00007ffe28a80000 - 0x00007ffe28aaa000 	C:\WINDOWS\SYSTEM32\bcrypt.dll
0x00007ffe28090000 - 0x00007ffe2809c000 	C:\WINDOWS\SYSTEM32\CRYPTBASE.dll
0x00007ffe272c0000 - 0x00007ffe272f2000 	C:\WINDOWS\SYSTEM32\IPHLPAPI.DLL
0x00007ffe2aa50000 - 0x00007ffe2aa5a000 	C:\WINDOWS\System32\NSI.dll
0x00007ffdc1930000 - 0x00007ffdc1979000 	C:\Users\phorn\AppData\Local\Temp\jna-106642931\jna17006038562253080527.dll
0x00007ffe2aad0000 - 0x00007ffe2aad8000 	C:\WINDOWS\System32\PSAPI.DLL
0x00007ffe219e0000 - 0x00007ffe219fd000 	C:\WINDOWS\SYSTEM32\dhcpcsvc6.DLL
0x00007ffe213c0000 - 0x00007ffe213e5000 	C:\WINDOWS\SYSTEM32\dhcpcsvc.DLL

JVMTI agents:
c:\Users\phorn\.antigravity\extensions\redhat.java-1.54.0-win32-x64\lombok\lombok-1.18.39-4050.jar path:c:\Users\phorn\.antigravity\extensions\redhat.java-1.54.0-win32-x64\jre\21.0.10-win32-x86_64\bin\instrument.dll, loaded, initialized, instrumentlib options:none

dbghelp: loaded successfully - version: 4.0.5 - missing functions: none
symbol engine: initialized successfully - sym options: 0x614 - pdb path: .;c:\Users\phorn\.antigravity\extensions\redhat.java-1.54.0-win32-x64\jre\21.0.10-win32-x86_64\bin;C:\WINDOWS\SYSTEM32;C:\WINDOWS\WinSxS\amd64_microsoft.windows.common-controls_6595b64144ccf1df_6.0.26100.8115_none_3e075c82e3354f9c;c:\Users\phorn\.antigravity\extensions\redhat.java-1.54.0-win32-x64\jre\21.0.10-win32-x86_64\bin\server;C:\Users\phorn\AppData\Roaming\Antigravity\User\globalStorage\redhat.java\1.54.0\config_win\org.eclipse.equinox.launcher\org.eclipse.equinox.launcher.win32.win32.x86_64_1.3.0.v20260203-2149;C:\Users\phorn\AppData\Local\Temp\jna-106642931

VM Arguments:
jvm_args: --add-modules=ALL-SYSTEM --add-opens=java.base/java.util=ALL-UNNAMED --add-opens=java.base/java.lang=ALL-UNNAMED --add-opens=java.base/sun.nio.fs=ALL-UNNAMED -Declipse.application=org.eclipse.jdt.ls.core.id1 -Dosgi.bundles.defaultStartLevel=4 -Declipse.product=org.eclipse.jdt.ls.core.product -Djava.import.generatesMetadataFilesAtProjectRoot=false -DDetectVMInstallationsJob.disabled=true -Dfile.encoding=utf8 -XX:+UseParallelGC -XX:GCTimeRatio=4 -XX:AdaptiveSizePolicyWeight=90 -Dsun.zip.disableMemoryMapping=true -Xmx2G -Xms100m -Xlog:disable -javaagent:c:\Users\phorn\.antigravity\extensions\redhat.java-1.54.0-win32-x64\lombok\lombok-1.18.39-4050.jar -XX:+HeapDumpOnOutOfMemoryError -XX:HeapDumpPath=c:\Users\phorn\AppData\Roaming\Antigravity\User\workspaceStorage\a8d2eb4c0e9f01341d3e3e6bd1828834\redhat.java -Daether.dependencyCollector.impl=bf 
java_command: c:\Users\phorn\.antigravity\extensions\redhat.java-1.54.0-win32-x64\server\plugins\org.eclipse.equinox.launcher_1.7.100.v20251111-0406.jar -configuration c:\Users\phorn\AppData\Roaming\Antigravity\User\globalStorage\redhat.java\1.54.0\config_win -data c:\Users\phorn\AppData\Roaming\Antigravity\User\workspaceStorage\a8d2eb4c0e9f01341d3e3e6bd1828834\redhat.java\jdt_ws --pipe=\\.\pipe\lsp-9a9f085cf4a332a2d51f6bfde15719fa-sock
java_class_path (initial): c:\Users\phorn\.antigravity\extensions\redhat.java-1.54.0-win32-x64\server\plugins\org.eclipse.equinox.launcher_1.7.100.v20251111-0406.jar
Launcher Type: SUN_STANDARD

[Global flags]
    uintx AdaptiveSizePolicyWeight                 = 90                                        {product} {command line}
     intx CICompilerCount                          = 4                                         {product} {ergonomic}
    uintx GCTimeRatio                              = 4                                         {product} {command line}
     bool HeapDumpOnOutOfMemoryError               = true                                   {manageable} {command line}
    ccstr HeapDumpPath                             = c:\Users\phorn\AppData\Roaming\Antigravity\User\workspaceStorage\a8d2eb4c0e9f01341d3e3e6bd1828834\redhat.java         {manageable} {command line}
   size_t InitialHeapSize                          = 104857600                                 {product} {command line}
   size_t MaxHeapSize                              = 2147483648                                {product} {command line}
   size_t MaxNewSize                               = 715653120                                 {product} {ergonomic}
   size_t MinHeapDeltaBytes                        = 524288                                    {product} {ergonomic}
   size_t MinHeapSize                              = 104857600                                 {product} {command line}
   size_t NewSize                                  = 34603008                                  {product} {ergonomic}
    uintx NonNMethodCodeHeapSize                   = 5839372                                {pd product} {ergonomic}
    uintx NonProfiledCodeHeapSize                  = 122909434                              {pd product} {ergonomic}
   size_t OldSize                                  = 70254592                                  {product} {ergonomic}
    uintx ProfiledCodeHeapSize                     = 122909434                              {pd product} {ergonomic}
    uintx ReservedCodeCacheSize                    = 251658240                              {pd product} {ergonomic}
     bool SegmentedCodeCache                       = true                                      {product} {ergonomic}
   size_t SoftMaxHeapSize                          = 2147483648                             {manageable} {ergonomic}
     bool UseCompressedOops                        = true                           {product lp64_product} {ergonomic}
     bool UseLargePagesIndividualAllocation        = false                                  {pd product} {ergonomic}
     bool UseParallelGC                            = true                                      {product} {command line}

Logging:
Log output configuration:
 #0: stdout all=off uptime,level,tags foldmultilines=false
 #1: stderr all=off uptime,level,tags foldmultilines=false

Release file:
JAVA_VERSION="21.0.10" 
MODULES="java.base java.compiler java.datatransfer java.xml java.prefs java.desktop java.instrument java.logging java.management java.security.sasl java.naming java.rmi java.management.rmi java.net.http java.scripting java.security.jgss java.transaction.xa java.sql java.sql.rowset java.xml.crypto java.se java.smartcardio jdk.accessibility jdk.internal.jvmstat jdk.attach jdk.charsets jdk.internal.opt jdk.zipfs jdk.compiler jdk.crypto.ec jdk.crypto.cryptoki jdk.crypto.mscapi jdk.dynalink jdk.internal.ed jdk.editpad jdk.hotspot.agent jdk.httpserver jdk.internal.le jdk.internal.vm.ci jdk.internal.vm.compiler jdk.internal.vm.compiler.management jdk.jartool jdk.javadoc jdk.jcmd jdk.management jdk.management.agent jdk.jconsole jdk.jdeps jdk.jdwp.agent jdk.jdi jdk.jfr jdk.jshell jdk.jsobject jdk.jstatd jdk.localedata jdk.management.jfr jdk.naming.dns jdk.naming.rmi jdk.net jdk.nio.mapmode jdk.random jdk.sctp jdk.security.auth jdk.security.jgss jdk.unsupported jdk.unsupported.desktop jdk.xml.dom" 

Environment Variables:
PATH=C:\Program Files\Common Files\Oracle\Java\javapath;C:\WINDOWS\system32;C:\WINDOWS;C:\WINDOWS\System32\Wbem;C:\WINDOWS\System32\WindowsPowerShell\v1.0\;C:\WINDOWS\System32\OpenSSH\;C:\Program Files\nodejs\;C:\Program Files\Docker\Docker\resources\bin;C:\Program Files\Git\cmd;C:\ffmpeg\ffmpeg-2026-04-06-git-7fd2be97b9-essentials_build\bin;C:\Users\phorn\AppData\Local\Python\pythoncore-3.14-64\Scripts;C:\Users\phorn\.local\bin;C:\Users\phorn\AppData\Local\Programs\Python\Launcher\;C:\Users\phorn\AppData\Local\Microsoft\WindowsApps;C:\Program Files\JetBrains\IntelliJ IDEA 2026.1\bin;C:\Program Files\JetBrains\WebStorm 2026.1\bin;C:\Users\phorn\AppData\Roaming\npm;C:\Users\phorn\AppData\Local\Python\bin;C:\Users\phorn\AppData\Local\Programs\Microsoft VS Code\bin;C:\Users\phorn\AppData\Local\Programs\Antigravity\bin
USERNAME=phorn
OS=Windows_NT
PROCESSOR_IDENTIFIER=Intel64 Family 6 Model 142 Stepping 12, GenuineIntel
TMP=C:\Users\phorn\AppData\Local\Temp
TEMP=C:\Users\phorn\AppData\Local\Temp




Periodic native trim disabled

---------------  S Y S T E M  ---------------

OS:
 Windows 11 , 64 bit Build 26100 (10.0.26100.8246)
OS uptime: 0 days 1:26 hours
Hyper-V role detected

CPU: total 8 (initial active 8) (4 cores per cpu, 2 threads per core) family 6 model 142 stepping 12 microcode 0xfe, cx8, cmov, fxsr, ht, mmx, 3dnowpref, sse, sse2, sse3, ssse3, sse4.1, sse4.2, popcnt, lzcnt, tsc, tscinvbit, avx, avx2, aes, erms, clmul, bmi1, bmi2, adx, fma, vzeroupper, clflush, clflushopt, hv, rdtscp, f16c
Processor Information for the first 8 processors :
  Max Mhz: 1800, Current Mhz: 1600, Mhz Limit: 1584

Memory: 4k page, system-wide physical 8067M (800M free)
TotalPageFile size 23315M (AvailPageFile size 48M)
current process WorkingSet (physical memory assigned to process): 7M, peak: 406M
current process commit charge ("private bytes"): 473M, peak: 566M

vm_info: OpenJDK 64-Bit Server VM (21.0.10+7-LTS) for windows-amd64 JRE (21.0.10+7-LTS), built on 2026-01-20T00:00:00Z by "admin" with MS VC++ 17.12 (VS2022)

END.
