#
# There is insufficient memory for the Java Runtime Environment to continue.
# Native memory allocation (malloc) failed to allocate 1048576 bytes. Error detail: AllocateHeap
# Possible reasons:
#   The system is out of physical RAM or swap space
#   This process is running with CompressedOops enabled, and the Java Heap may be blocking the growth of the native heap
# Possible solutions:
#   Reduce memory load on the system
#   Increase physical memory or swap space
#   Check if swap backing store is full
#   Decrease Java heap size (-Xmx/-Xms)
#   Decrease number of Java threads
#   Decrease Java thread stack sizes (-Xss)
#   Set larger code cache with -XX:ReservedCodeCacheSize=
#   JVM is running with Unscaled Compressed Oops mode in which the Java heap is
#     placed in the first 4GB address space. The Java Heap base address is the
#     maximum limit for the native heap growth. Please use -XX:HeapBaseMinAddress
#     to set the Java Heap base and to place the Java Heap above 4GB virtual address.
# This output file may be truncated or incomplete.
#
#  Out of Memory Error (allocation.cpp:44), pid=4632, tid=15616
#
# JRE version: OpenJDK Runtime Environment Temurin-21.0.10+7 (21.0.10+7) (build 21.0.10+7-LTS)
# Java VM: OpenJDK 64-Bit Server VM Temurin-21.0.10+7 (21.0.10+7-LTS, mixed mode, sharing, tiered, compressed oops, compressed class ptrs, parallel gc, windows-amd64)
# No core dump will be written. Minidumps are not enabled by default on client versions of Windows
#

---------------  S U M M A R Y ------------

Command Line: --add-modules=ALL-SYSTEM --add-opens=java.base/java.util=ALL-UNNAMED --add-opens=java.base/java.lang=ALL-UNNAMED --add-opens=java.base/sun.nio.fs=ALL-UNNAMED -Declipse.application=org.eclipse.jdt.ls.core.id1 -Dosgi.bundles.defaultStartLevel=4 -Declipse.product=org.eclipse.jdt.ls.core.product -Djava.import.generatesMetadataFilesAtProjectRoot=false -DDetectVMInstallationsJob.disabled=true -Dfile.encoding=utf8 -XX:+UseParallelGC -XX:GCTimeRatio=4 -XX:AdaptiveSizePolicyWeight=90 -Dsun.zip.disableMemoryMapping=true -Xmx2G -Xms100m -Xlog:disable -javaagent:c:\Users\phorn\.antigravity\extensions\redhat.java-1.54.0-win32-x64\lombok\lombok-1.18.39-4050.jar -XX:+HeapDumpOnOutOfMemoryError -XX:HeapDumpPath=c:\Users\phorn\AppData\Roaming\Antigravity\User\workspaceStorage\a8d2eb4c0e9f01341d3e3e6bd1828834\redhat.java -Daether.dependencyCollector.impl=bf c:\Users\phorn\.antigravity\extensions\redhat.java-1.54.0-win32-x64\server\plugins\org.eclipse.equinox.launcher_1.7.100.v20251111-0406.jar -configuration c:\Users\phorn\AppData\Roaming\Antigravity\User\globalStorage\redhat.java\1.54.0\config_win -data c:\Users\phorn\AppData\Roaming\Antigravity\User\workspaceStorage\a8d2eb4c0e9f01341d3e3e6bd1828834\redhat.java\jdt_ws --pipe=\\.\pipe\lsp-42ad544708c6e07e27d35eec2af4aba5-sock

Host: Intel(R) Core(TM) i5-8265U CPU @ 1.60GHz, 8 cores, 7G,  Windows 11 , 64 bit Build 26100 (10.0.26100.8246)
Time: Fri May  1 11:13:04 2026 SE Asia Standard Time elapsed time: 3038.652776 seconds (0d 0h 50m 38s)

---------------  T H R E A D  ---------------

Current thread (0x000001da18f37270):  JavaThread "Attach Listener" daemon [_thread_in_vm, id=15616, stack(0x0000004ab2400000,0x0000004ab2500000) (1024K)]

Stack: [0x0000004ab2400000,0x0000004ab2500000]
Native frames: (J=compiled Java code, j=interpreted, Vv=VM code, C=native code)
V  [jvm.dll+0x6d7a39]
V  [jvm.dll+0x8b4b26]
V  [jvm.dll+0x8b70de]
V  [jvm.dll+0x8b77c3]
V  [jvm.dll+0x284346]
V  [jvm.dll+0xc1277]
V  [jvm.dll+0x6d82e9]
V  [jvm.dll+0x1334a6]
V  [jvm.dll+0x3f857e]
V  [jvm.dll+0x85f59d]
V  [jvm.dll+0x6d626d]
C  [ucrtbase.dll+0x37b0]
C  [KERNEL32.DLL+0x2e8d7]
C  [ntdll.dll+0x8c3fc]


---------------  P R O C E S S  ---------------

Threads class SMR info:
_java_thread_list=0x000001da78c93e80, length=35, elements={
0x000001da16c86ad0, 0x000001da18f29850, 0x000001da18f2f100, 0x000001da18f31220,
0x000001da18f37270, 0x000001da18f35740, 0x000001da18f3b010, 0x000001da18f44c40,
0x000001da18f52be0, 0x000001da72463810, 0x000001da72535d70, 0x000001da72cf55c0,
0x000001da72b48b60, 0x000001da77000cc0, 0x000001da77001700, 0x000001da72d98fb0,
0x000001da77684e70, 0x000001da77683430, 0x000001da77683ac0, 0x000001da772596e0,
0x000001da772589c0, 0x000001da77259050, 0x000001da7725a400, 0x000001da77256f80,
0x000001da7725d1f0, 0x000001da7725df10, 0x000001da7725aa90, 0x000001da7725d880,
0x000001da7725e5a0, 0x000001da7725b120, 0x000001da7725cb60, 0x000001da7725b7b0,
0x000001da79270a20, 0x000001da7ad5d380, 0x000001da79273810
}

Java Threads: ( => current thread )
  0x000001da16c86ad0 JavaThread "main"                              [_thread_blocked, id=5800, stack(0x0000004ab1d00000,0x0000004ab1e00000) (1024K)]
  0x000001da18f29850 JavaThread "Reference Handler"          daemon [_thread_blocked, id=15680, stack(0x0000004ab2100000,0x0000004ab2200000) (1024K)]
  0x000001da18f2f100 JavaThread "Finalizer"                  daemon [_thread_blocked, id=15684, stack(0x0000004ab2200000,0x0000004ab2300000) (1024K)]
  0x000001da18f31220 JavaThread "Signal Dispatcher"          daemon [_thread_blocked, id=15688, stack(0x0000004ab2300000,0x0000004ab2400000) (1024K)]
=>0x000001da18f37270 JavaThread "Attach Listener"            daemon [_thread_in_vm, id=15616, stack(0x0000004ab2400000,0x0000004ab2500000) (1024K)]
  0x000001da18f35740 JavaThread "Service Thread"             daemon [_thread_blocked, id=15596, stack(0x0000004ab2500000,0x0000004ab2600000) (1024K)]
  0x000001da18f3b010 JavaThread "Monitor Deflation Thread"   daemon [_thread_blocked, id=15656, stack(0x0000004ab2600000,0x0000004ab2700000) (1024K)]
  0x000001da18f44c40 JavaThread "C2 CompilerThread0"         daemon [_thread_blocked, id=15608, stack(0x0000004ab2700000,0x0000004ab2800000) (1024K)]
  0x000001da18f52be0 JavaThread "C1 CompilerThread0"         daemon [_thread_blocked, id=15604, stack(0x0000004ab2800000,0x0000004ab2900000) (1024K)]
  0x000001da72463810 JavaThread "Common-Cleaner"             daemon [_thread_blocked, id=15528, stack(0x0000004ab2900000,0x0000004ab2a00000) (1024K)]
  0x000001da72535d70 JavaThread "Notification Thread"        daemon [_thread_blocked, id=16204, stack(0x0000004ab2a00000,0x0000004ab2b00000) (1024K)]
  0x000001da72cf55c0 JavaThread "Active Thread: Equinox Container: 01383945-74a2-496a-adbe-a7f01de40e65"        [_thread_blocked, id=4832, stack(0x0000004ab2b00000,0x0000004ab2c00000) (1024K)]
  0x000001da72b48b60 JavaThread "Refresh Thread: Equinox Container: 01383945-74a2-496a-adbe-a7f01de40e65" daemon [_thread_blocked, id=15476, stack(0x0000004ab3400000,0x0000004ab3500000) (1024K)]
  0x000001da77000cc0 JavaThread "Framework Event Dispatcher: Equinox Container: 01383945-74a2-496a-adbe-a7f01de40e65" daemon [_thread_blocked, id=15792, stack(0x0000004ab3200000,0x0000004ab3300000) (1024K)]
  0x000001da77001700 JavaThread "Start Level: Equinox Container: 01383945-74a2-496a-adbe-a7f01de40e65" daemon [_thread_blocked, id=15788, stack(0x0000004ab3500000,0x0000004ab3600000) (1024K)]
  0x000001da72d98fb0 JavaThread "Bundle File Closer"         daemon [_thread_blocked, id=15752, stack(0x0000004ab3800000,0x0000004ab3900000) (1024K)]
  0x000001da77684e70 JavaThread "SCR Component Actor"        daemon [_thread_blocked, id=15856, stack(0x0000004ab3600000,0x0000004ab3700000) (1024K)]
  0x000001da77683430 JavaThread "Worker-JM"                         [_thread_blocked, id=15316, stack(0x0000004ab3900000,0x0000004ab3a00000) (1024K)]
  0x000001da77683ac0 JavaThread "JNA Cleaner"                daemon [_thread_blocked, id=15948, stack(0x0000004ab3b00000,0x0000004ab3c00000) (1024K)]
  0x000001da772596e0 JavaThread "Java indexing"              daemon [_thread_blocked, id=16132, stack(0x0000004ab3f00000,0x0000004ab4000000) (1024K)]
  0x000001da772589c0 JavaThread "Thread-1"                   daemon [_thread_in_native, id=15708, stack(0x0000004ab4400000,0x0000004ab4500000) (1024K)]
  0x000001da77259050 JavaThread "Thread-2"                   daemon [_thread_in_native, id=15704, stack(0x0000004ab4500000,0x0000004ab4600000) (1024K)]
  0x000001da7725a400 JavaThread "Thread-3"                   daemon [_thread_in_native, id=15488, stack(0x0000004ab4600000,0x0000004ab4700000) (1024K)]
  0x000001da77256f80 JavaThread "Thread-4"                   daemon [_thread_in_native, id=11284, stack(0x0000004ab4700000,0x0000004ab4800000) (1024K)]
  0x000001da7725d1f0 JavaThread "Thread-5"                   daemon [_thread_in_native, id=16288, stack(0x0000004ab4800000,0x0000004ab4900000) (1024K)]
  0x000001da7725df10 JavaThread "Thread-6"                   daemon [_thread_in_native, id=16212, stack(0x0000004ab4900000,0x0000004ab4a00000) (1024K)]
  0x000001da7725aa90 JavaThread "Thread-7"                   daemon [_thread_in_native, id=15492, stack(0x0000004ab4a00000,0x0000004ab4b00000) (1024K)]
  0x000001da7725d880 JavaThread "Thread-8"                   daemon [_thread_in_native, id=14604, stack(0x0000004ab4b00000,0x0000004ab4c00000) (1024K)]
  0x000001da7725e5a0 JavaThread "Thread-9"                   daemon [_thread_in_native, id=15460, stack(0x0000004ab4c00000,0x0000004ab4d00000) (1024K)]
  0x000001da7725b120 JavaThread "pool-2-thread-1"                   [_thread_blocked, id=15744, stack(0x0000004ab4d00000,0x0000004ab4e00000) (1024K)]
  0x000001da7725cb60 JavaThread "WorkspaceEventsHandler"            [_thread_blocked, id=14012, stack(0x0000004ab4e00000,0x0000004ab4f00000) (1024K)]
  0x000001da7725b7b0 JavaThread "pool-1-thread-1"                   [_thread_blocked, id=15248, stack(0x0000004ab4f00000,0x0000004ab5000000) (1024K)]
  0x000001da79270a20 JavaThread "Cleaner-0"                  daemon [_thread_blocked, id=13108, stack(0x0000004ab5700000,0x0000004ab5800000) (1024K)]
  0x000001da7ad5d380 JavaThread "Worker-7"                          [_thread_blocked, id=7188, stack(0x0000004ab1c00000,0x0000004ab1d00000) (1024K)]
  0x000001da79273810 JavaThread "Worker-12"                         [_thread_blocked, id=8452, stack(0x0000004ab1b00000,0x0000004ab1c00000) (1024K)]
Total: 35

Other Threads:
  0x000001da1907e760 VMThread "VM Thread"                           [id=15664, stack(0x0000004ab2000000,0x0000004ab2100000) (1024K)]
  0x000001da18e4ca00 WatcherThread "VM Periodic Task Thread"        [id=7680, stack(0x0000004ab1f00000,0x0000004ab2000000) (1024K)]
  0x000001da18fd7b50 WorkerThread "GC Thread#0"                     [id=15720, stack(0x0000004ab1e00000,0x0000004ab1f00000) (1024K)]
  0x000001da72511430 WorkerThread "GC Thread#1"                     [id=15504, stack(0x0000004ab2c00000,0x0000004ab2d00000) (1024K)]
  0x000001da725117e0 WorkerThread "GC Thread#2"                     [id=15500, stack(0x0000004ab2d00000,0x0000004ab2e00000) (1024K)]
  0x000001da72512e00 WorkerThread "GC Thread#3"                     [id=15520, stack(0x0000004ab2e00000,0x0000004ab2f00000) (1024K)]
  0x000001da72511b90 WorkerThread "GC Thread#4"                     [id=15508, stack(0x0000004ab2f00000,0x0000004ab3000000) (1024K)]
  0x000001da72511f40 WorkerThread "GC Thread#5"                     [id=15404, stack(0x0000004ab3000000,0x0000004ab3100000) (1024K)]
  0x000001da725122f0 WorkerThread "GC Thread#6"                     [id=15396, stack(0x0000004ab3100000,0x0000004ab3200000) (1024K)]
  0x000001da72cbf950 WorkerThread "GC Thread#7"                     [id=14588, stack(0x0000004ab3300000,0x0000004ab3400000) (1024K)]
Total: 10

Threads with active compile tasks:
Total: 0

VM state: not at safepoint (normal execution)

VM Mutex/Monitor currently owned by a thread: None

Heap address: 0x0000000080000000, size: 2048 MB, Compressed Oops mode: 32-bit

CDS archive(s) mapped at: [0x000001da30000000-0x000001da30ba0000-0x000001da30ba0000), size 12189696, SharedBaseAddress: 0x000001da30000000, ArchiveRelocationMode: 1.
Compressed class space mapped at: 0x000001da31000000-0x000001da71000000, reserved size: 1073741824
Narrow klass base: 0x000001da30000000, Narrow klass shift: 0, Narrow klass range: 0x100000000

GC Precious Log:
 CardTable entry size: 512
 CPUs: 8 total, 8 available
 Memory: 8067M
 Large Page Support: Disabled
 NUMA Support: Disabled
 Compressed Oops: Enabled (32-bit)
 Alignments: Space 512K, Generation 512K, Heap 2M
 Heap Min Capacity: 100M
 Heap Initial Capacity: 100M
 Heap Max Capacity: 2G
 Pre-touch: Disabled
 Parallel Workers: 8

Heap:
 PSYoungGen      total 2560K, used 1344K [0x00000000d5580000, 0x00000000d5c80000, 0x0000000100000000)
  eden space 2048K, 56% used [0x00000000d5580000,0x00000000d56a0210,0x00000000d5780000)
  from space 512K, 37% used [0x00000000d5c00000,0x00000000d5c30000,0x00000000d5c80000)
  to   space 512K, 0% used [0x00000000d5b80000,0x00000000d5b80000,0x00000000d5c00000)
 ParOldGen       total 752640K, used 752542K [0x0000000080000000, 0x00000000adf00000, 0x00000000d5580000)
  object space 752640K, 99% used [0x0000000080000000,0x00000000adee7a70,0x00000000adf00000)
 Metaspace       used 81122K, committed 83008K, reserved 1179648K
  class space    used 8207K, committed 9088K, reserved 1048576K

Card table byte_map: [0x000001da18960000,0x000001da18d70000] _byte_map_base: 0x000001da18560000

Marking Bits: (ParMarkBitMap*) 0x00007ffdb51a3450
 Begin Bits: [0x000001da2b470000, 0x000001da2d470000)
 End Bits:   [0x000001da2d470000, 0x000001da2f470000)

Polling page: 0x000001da16c20000

Metaspace:

Usage:
  Non-class:     71.21 MB used.
      Class:      8.02 MB used.
       Both:     79.22 MB used.

Virtual space:
  Non-class space:      128.00 MB reserved,      72.19 MB ( 56%) committed,  2 nodes.
      Class space:        1.00 GB reserved,       8.88 MB ( <1%) committed,  1 nodes.
             Both:        1.12 GB reserved,      81.06 MB (  7%) committed. 

Chunk freelists:
   Non-Class:  7.20 MB
       Class:  7.18 MB
        Both:  14.38 MB

MaxMetaspaceSize: unlimited
CompressedClassSpaceSize: 1.00 GB
Initial GC threshold: 21.00 MB
Current GC threshold: 126.06 MB
CDS: on
 - commit_granule_bytes: 65536.
 - commit_granule_words: 8192.
 - virtual_space_node_default_size: 8388608.
 - enlarge_chunks_in_place: 1.
 - use_allocation_guard: 0.


Internal statistics:

num_allocs_failed_limit: 9.
num_arena_births: 1848.
num_arena_deaths: 116.
num_vsnodes_births: 3.
num_vsnodes_deaths: 0.
num_space_committed: 1297.
num_space_uncommitted: 0.
num_chunks_returned_to_freelist: 162.
num_chunks_taken_from_freelist: 6071.
num_chunk_merges: 42.
num_chunk_splits: 3588.
num_chunks_enlarged: 1917.
num_inconsistent_stats: 0.

CodeHeap 'non-profiled nmethods': size=120000Kb used=15978Kb max_used=15978Kb free=104021Kb
 bounds [0x000001da23c90000, 0x000001da24c30000, 0x000001da2b1c0000]
CodeHeap 'profiled nmethods': size=120000Kb used=46956Kb max_used=46956Kb free=73043Kb
 bounds [0x000001da1c1c0000, 0x000001da1efa0000, 0x000001da236f0000]
CodeHeap 'non-nmethods': size=5760Kb used=1487Kb max_used=1589Kb free=4272Kb
 bounds [0x000001da236f0000, 0x000001da23960000, 0x000001da23c90000]
CodeCache: size=245760Kb, used=64421Kb, max_used=64523Kb, free=181336Kb
 total_blobs=20271, nmethods=19470, adapters=702, full_count=0
Compilation: enabled, stopped_count=0, restarted_count=0

Compilation events (20 events):
Event: 1695.333 Thread 0x000001da18f52be0 21100       1       com.sun.jna.internal.Cleaner::access$100 (5 bytes)
Event: 1695.338 Thread 0x000001da18f52be0 nmethod 21100 0x000001da24c2a510 code [0x000001da24c2a6a0, 0x000001da24c2a750]
Event: 1804.808 Thread 0x000001da18f52be0 21101       1       org.eclipse.osgi.internal.framework.EquinoxContainer::getStorage (5 bytes)
Event: 1804.816 Thread 0x000001da18f52be0 nmethod 21101 0x000001da24c2a810 code [0x000001da24c2a9a0, 0x000001da24c2aa68]
Event: 2066.877 Thread 0x000001da18f52be0 21102       3       java.util.concurrent.ScheduledThreadPoolExecutor$DelayedWorkQueue::finishPoll (43 bytes)
Event: 2066.894 Thread 0x000001da18f52be0 nmethod 21102 0x000001da1ef91b10 code [0x000001da1ef91ce0, 0x000001da1ef92268]
Event: 2074.892 Thread 0x000001da18f52be0 21103   !   3       java.util.concurrent.ScheduledThreadPoolExecutor$DelayedWorkQueue::offer (123 bytes)
Event: 2074.944 Thread 0x000001da18f52be0 nmethod 21103 0x000001da1ef92410 code [0x000001da1ef92720, 0x000001da1ef93ab0]
Event: 2096.886 Thread 0x000001da18f52be0 21105   !   3       java.util.concurrent.FutureTask::runAndReset (125 bytes)
Event: 2096.931 Thread 0x000001da18f52be0 nmethod 21105 0x000001da1ef94310 code [0x000001da1ef94780, 0x000001da1ef96ba0]
Event: 2096.931 Thread 0x000001da18f52be0 21106       3       java.util.concurrent.ScheduledThreadPoolExecutor$ScheduledFutureTask::setNextRunTime (38 bytes)
Event: 2096.933 Thread 0x000001da18f52be0 nmethod 21106 0x000001da1ef97710 code [0x000001da1ef978c0, 0x000001da1ef97b50]
Event: 2096.933 Thread 0x000001da18f52be0 21107       3       java.util.concurrent.ScheduledThreadPoolExecutor::reExecutePeriodic (49 bytes)
Event: 2096.939 Thread 0x000001da18f52be0 nmethod 21107 0x000001da1ef97c10 code [0x000001da1ef97e40, 0x000001da1ef985c0]
Event: 2577.448 Thread 0x000001da18f52be0 21108       3       org.eclipse.jdt.ls.core.internal.ParentProcessWatcher::run (83 bytes)
Event: 2577.513 Thread 0x000001da18f52be0 nmethod 21108 0x000001da1ef98810 code [0x000001da1ef98aa0, 0x000001da1ef99530]
Event: 3012.990 Thread 0x000001da18f52be0 21110       3       org.eclipse.core.internal.resources.MarkerAttributeMap::shareStrings (92 bytes)
Event: 3017.290 Thread 0x000001da18f52be0 nmethod 21110 0x000001da1ef99890 code [0x000001da1ef99b20, 0x000001da1ef9a9d0]
Event: 3017.290 Thread 0x000001da18f52be0 21111       3       org.eclipse.core.internal.resources.MarkerInfo::shareStrings (21 bytes)
Event: 3019.641 Thread 0x000001da18f52be0 nmethod 21111 0x000001da1ef9ad10 code [0x000001da1ef9aee0, 0x000001da1ef9b0c0]

GC Heap History (20 events):
Event: 1483.228 GC heap before
{Heap before GC invocations=1129 (full 4):
 PSYoungGen      total 2560K, used 2548K [0x00000000d5580000, 0x00000000d5e80000, 0x0000000100000000)
  eden space 2048K, 100% used [0x00000000d5580000,0x00000000d5780000,0x00000000d5780000)
  from space 512K, 97% used [0x00000000d5e00000,0x00000000d5e7d200,0x00000000d5e80000)
  to   space 1024K, 0% used [0x00000000d5c80000,0x00000000d5c80000,0x00000000d5d80000)
 ParOldGen       total 747520K, used 747073K [0x0000000080000000, 0x00000000ada00000, 0x00000000d5580000)
  object space 747520K, 99% used [0x0000000080000000,0x00000000ad990780,0x00000000ada00000)
 Metaspace       used 80212K, committed 81984K, reserved 1179648K
  class space    used 8108K, committed 8960K, reserved 1048576K
}
Event: 1483.232 GC heap after
{Heap after GC invocations=1129 (full 4):
 PSYoungGen      total 3072K, used 432K [0x00000000d5580000, 0x00000000d5e80000, 0x0000000100000000)
  eden space 2048K, 0% used [0x00000000d5580000,0x00000000d5580000,0x00000000d5780000)
  from space 1024K, 42% used [0x00000000d5c80000,0x00000000d5cec010,0x00000000d5d80000)
  to   space 1024K, 0% used [0x00000000d5d80000,0x00000000d5d80000,0x00000000d5e80000)
 ParOldGen       total 747520K, used 747443K [0x0000000080000000, 0x00000000ada00000, 0x00000000d5580000)
  object space 747520K, 99% used [0x0000000080000000,0x00000000ad9ecc10,0x00000000ada00000)
 Metaspace       used 80212K, committed 81984K, reserved 1179648K
  class space    used 8108K, committed 8960K, reserved 1048576K
}
Event: 1483.244 GC heap before
{Heap before GC invocations=1130 (full 4):
 PSYoungGen      total 3072K, used 2480K [0x00000000d5580000, 0x00000000d5e80000, 0x0000000100000000)
  eden space 2048K, 100% used [0x00000000d5580000,0x00000000d5780000,0x00000000d5780000)
  from space 1024K, 42% used [0x00000000d5c80000,0x00000000d5cec010,0x00000000d5d80000)
  to   space 1024K, 0% used [0x00000000d5d80000,0x00000000d5d80000,0x00000000d5e80000)
 ParOldGen       total 747520K, used 747449K [0x0000000080000000, 0x00000000ada00000, 0x00000000d5580000)
  object space 747520K, 99% used [0x0000000080000000,0x00000000ad9ee4d0,0x00000000ada00000)
 Metaspace       used 80215K, committed 81984K, reserved 1179648K
  class space    used 8108K, committed 8960K, reserved 1048576K
}
Event: 1483.249 GC heap after
{Heap after GC invocations=1130 (full 4):
 PSYoungGen      total 2560K, used 448K [0x00000000d5580000, 0x00000000d5e00000, 0x0000000100000000)
  eden space 2048K, 0% used [0x00000000d5580000,0x00000000d5580000,0x00000000d5780000)
  from space 512K, 87% used [0x00000000d5d80000,0x00000000d5df0000,0x00000000d5e00000)
  to   space 512K, 0% used [0x00000000d5d00000,0x00000000d5d00000,0x00000000d5d80000)
 ParOldGen       total 748032K, used 747801K [0x0000000080000000, 0x00000000ada80000, 0x00000000d5580000)
  object space 748032K, 99% used [0x0000000080000000,0x00000000ada464e0,0x00000000ada80000)
 Metaspace       used 80215K, committed 81984K, reserved 1179648K
  class space    used 8108K, committed 8960K, reserved 1048576K
}
Event: 1483.431 GC heap before
{Heap before GC invocations=1131 (full 4):
 PSYoungGen      total 2560K, used 2496K [0x00000000d5580000, 0x00000000d5e00000, 0x0000000100000000)
  eden space 2048K, 100% used [0x00000000d5580000,0x00000000d5780000,0x00000000d5780000)
  from space 512K, 87% used [0x00000000d5d80000,0x00000000d5df0000,0x00000000d5e00000)
  to   space 512K, 0% used [0x00000000d5d00000,0x00000000d5d00000,0x00000000d5d80000)
 ParOldGen       total 748032K, used 747803K [0x0000000080000000, 0x00000000ada80000, 0x00000000d5580000)
  object space 748032K, 99% used [0x0000000080000000,0x00000000ada46ca0,0x00000000ada80000)
 Metaspace       used 80272K, committed 82048K, reserved 1179648K
  class space    used 8115K, committed 8960K, reserved 1048576K
}
Event: 1483.435 GC heap after
{Heap after GC invocations=1131 (full 4):
 PSYoungGen      total 2560K, used 224K [0x00000000d5580000, 0x00000000d5e00000, 0x0000000100000000)
  eden space 2048K, 0% used [0x00000000d5580000,0x00000000d5580000,0x00000000d5780000)
  from space 512K, 43% used [0x00000000d5d00000,0x00000000d5d38000,0x00000000d5d80000)
  to   space 512K, 0% used [0x00000000d5d80000,0x00000000d5d80000,0x00000000d5e00000)
 ParOldGen       total 748544K, used 748139K [0x0000000080000000, 0x00000000adb00000, 0x00000000d5580000)
  object space 748544K, 99% used [0x0000000080000000,0x00000000ada9aca0,0x00000000adb00000)
 Metaspace       used 80272K, committed 82048K, reserved 1179648K
  class space    used 8115K, committed 8960K, reserved 1048576K
}
Event: 1483.497 GC heap before
{Heap before GC invocations=1132 (full 4):
 PSYoungGen      total 2560K, used 2267K [0x00000000d5580000, 0x00000000d5e00000, 0x0000000100000000)
  eden space 2048K, 99% used [0x00000000d5580000,0x00000000d577ee60,0x00000000d5780000)
  from space 512K, 43% used [0x00000000d5d00000,0x00000000d5d38000,0x00000000d5d80000)
  to   space 512K, 0% used [0x00000000d5d80000,0x00000000d5d80000,0x00000000d5e00000)
 ParOldGen       total 748544K, used 748139K [0x0000000080000000, 0x00000000adb00000, 0x00000000d5580000)
  object space 748544K, 99% used [0x0000000080000000,0x00000000ada9aca0,0x00000000adb00000)
 Metaspace       used 80298K, committed 82048K, reserved 1179648K
  class space    used 8118K, committed 8960K, reserved 1048576K
}
Event: 1483.500 GC heap after
{Heap after GC invocations=1132 (full 4):
 PSYoungGen      total 2560K, used 297K [0x00000000d5580000, 0x00000000d5e00000, 0x0000000100000000)
  eden space 2048K, 0% used [0x00000000d5580000,0x00000000d5580000,0x00000000d5780000)
  from space 512K, 58% used [0x00000000d5d80000,0x00000000d5dca400,0x00000000d5e00000)
  to   space 512K, 0% used [0x00000000d5d00000,0x00000000d5d00000,0x00000000d5d80000)
 ParOldGen       total 748544K, used 748203K [0x0000000080000000, 0x00000000adb00000, 0x00000000d5580000)
  object space 748544K, 99% used [0x0000000080000000,0x00000000adaaaca0,0x00000000adb00000)
 Metaspace       used 80298K, committed 82048K, reserved 1179648K
  class space    used 8118K, committed 8960K, reserved 1048576K
}
Event: 1483.526 GC heap before
{Heap before GC invocations=1133 (full 4):
 PSYoungGen      total 2560K, used 2345K [0x00000000d5580000, 0x00000000d5e00000, 0x0000000100000000)
  eden space 2048K, 100% used [0x00000000d5580000,0x00000000d5780000,0x00000000d5780000)
  from space 512K, 58% used [0x00000000d5d80000,0x00000000d5dca400,0x00000000d5e00000)
  to   space 512K, 0% used [0x00000000d5d00000,0x00000000d5d00000,0x00000000d5d80000)
 ParOldGen       total 748544K, used 748203K [0x0000000080000000, 0x00000000adb00000, 0x00000000d5580000)
  object space 748544K, 99% used [0x0000000080000000,0x00000000adaaaca0,0x00000000adb00000)
 Metaspace       used 80301K, committed 82048K, reserved 1179648K
  class space    used 8119K, committed 8960K, reserved 1048576K
}
Event: 1483.530 GC heap after
{Heap after GC invocations=1133 (full 4):
 PSYoungGen      total 2560K, used 510K [0x00000000d5580000, 0x00000000d5e00000, 0x0000000100000000)
  eden space 2048K, 0% used [0x00000000d5580000,0x00000000d5580000,0x00000000d5780000)
  from space 512K, 99% used [0x00000000d5d00000,0x00000000d5d7f960,0x00000000d5d80000)
  to   space 512K, 0% used [0x00000000d5d80000,0x00000000d5d80000,0x00000000d5e00000)
 ParOldGen       total 749056K, used 748844K [0x0000000080000000, 0x00000000adb80000, 0x00000000d5580000)
  object space 749056K, 99% used [0x0000000080000000,0x00000000adb4b0a0,0x00000000adb80000)
 Metaspace       used 80301K, committed 82048K, reserved 1179648K
  class space    used 8119K, committed 8960K, reserved 1048576K
}
Event: 1483.553 GC heap before
{Heap before GC invocations=1134 (full 4):
 PSYoungGen      total 2560K, used 2558K [0x00000000d5580000, 0x00000000d5e00000, 0x0000000100000000)
  eden space 2048K, 100% used [0x00000000d5580000,0x00000000d5780000,0x00000000d5780000)
  from space 512K, 99% used [0x00000000d5d00000,0x00000000d5d7f960,0x00000000d5d80000)
  to   space 512K, 0% used [0x00000000d5d80000,0x00000000d5d80000,0x00000000d5e00000)
 ParOldGen       total 749056K, used 748844K [0x0000000080000000, 0x00000000adb80000, 0x00000000d5580000)
  object space 749056K, 99% used [0x0000000080000000,0x00000000adb4b0a0,0x00000000adb80000)
 Metaspace       used 80302K, committed 82048K, reserved 1179648K
  class space    used 8119K, committed 8960K, reserved 1048576K
}
Event: 1483.557 GC heap after
{Heap after GC invocations=1134 (full 4):
 PSYoungGen      total 2560K, used 512K [0x00000000d5580000, 0x00000000d5e00000, 0x0000000100000000)
  eden space 2048K, 0% used [0x00000000d5580000,0x00000000d5580000,0x00000000d5780000)
  from space 512K, 100% used [0x00000000d5d80000,0x00000000d5e00000,0x00000000d5e00000)
  to   space 3072K, 0% used [0x00000000d5800000,0x00000000d5800000,0x00000000d5b00000)
 ParOldGen       total 751104K, used 750746K [0x0000000080000000, 0x00000000add80000, 0x00000000d5580000)
  object space 751104K, 99% used [0x0000000080000000,0x00000000add26a00,0x00000000add80000)
 Metaspace       used 80302K, committed 82048K, reserved 1179648K
  class space    used 8119K, committed 8960K, reserved 1048576K
}
Event: 1483.658 GC heap before
{Heap before GC invocations=1135 (full 4):
 PSYoungGen      total 2560K, used 2560K [0x00000000d5580000, 0x00000000d5e00000, 0x0000000100000000)
  eden space 2048K, 100% used [0x00000000d5580000,0x00000000d5780000,0x00000000d5780000)
  from space 512K, 100% used [0x00000000d5d80000,0x00000000d5e00000,0x00000000d5e00000)
  to   space 3072K, 0% used [0x00000000d5800000,0x00000000d5800000,0x00000000d5b00000)
 ParOldGen       total 751104K, used 750746K [0x0000000080000000, 0x00000000add80000, 0x00000000d5580000)
  object space 751104K, 99% used [0x0000000080000000,0x00000000add26a00,0x00000000add80000)
 Metaspace       used 80333K, committed 82112K, reserved 1179648K
  class space    used 8120K, committed 8960K, reserved 1048576K
}
Event: 1483.661 GC heap after
{Heap after GC invocations=1135 (full 4):
 PSYoungGen      total 5120K, used 1242K [0x00000000d5580000, 0x00000000d5e00000, 0x0000000100000000)
  eden space 2048K, 0% used [0x00000000d5580000,0x00000000d5580000,0x00000000d5780000)
  from space 3072K, 40% used [0x00000000d5800000,0x00000000d5936ae8,0x00000000d5b00000)
  to   space 2048K, 0% used [0x00000000d5c00000,0x00000000d5c00000,0x00000000d5e00000)
 ParOldGen       total 751616K, used 751290K [0x0000000080000000, 0x00000000ade00000, 0x00000000d5580000)
  object space 751616K, 99% used [0x0000000080000000,0x00000000addaea00,0x00000000ade00000)
 Metaspace       used 80333K, committed 82112K, reserved 1179648K
  class space    used 8120K, committed 8960K, reserved 1048576K
}
Event: 1483.843 GC heap before
{Heap before GC invocations=1136 (full 4):
 PSYoungGen      total 5120K, used 3290K [0x00000000d5580000, 0x00000000d5e00000, 0x0000000100000000)
  eden space 2048K, 100% used [0x00000000d5580000,0x00000000d5780000,0x00000000d5780000)
  from space 3072K, 40% used [0x00000000d5800000,0x00000000d5936ae8,0x00000000d5b00000)
  to   space 2048K, 0% used [0x00000000d5c00000,0x00000000d5c00000,0x00000000d5e00000)
 ParOldGen       total 751616K, used 751290K [0x0000000080000000, 0x00000000ade00000, 0x00000000d5580000)
  object space 751616K, 99% used [0x0000000080000000,0x00000000addaea00,0x00000000ade00000)
 Metaspace       used 80600K, committed 82368K, reserved 1179648K
  class space    used 8143K, committed 8960K, reserved 1048576K
}
Event: 1483.848 GC heap after
{Heap after GC invocations=1136 (full 4):
 PSYoungGen      total 2560K, used 410K [0x00000000d5580000, 0x00000000d5c80000, 0x0000000100000000)
  eden space 2048K, 0% used [0x00000000d5580000,0x00000000d5580000,0x00000000d5780000)
  from space 512K, 80% used [0x00000000d5c00000,0x00000000d5c66a58,0x00000000d5c80000)
  to   space 1024K, 0% used [0x00000000d5a80000,0x00000000d5a80000,0x00000000d5b80000)
 ParOldGen       total 752640K, used 752347K [0x0000000080000000, 0x00000000adf00000, 0x00000000d5580000)
  object space 752640K, 99% used [0x0000000080000000,0x00000000adeb6ff8,0x00000000adf00000)
 Metaspace       used 80600K, committed 82368K, reserved 1179648K
  class space    used 8143K, committed 8960K, reserved 1048576K
}
Event: 1484.020 GC heap before
{Heap before GC invocations=1137 (full 4):
 PSYoungGen      total 2560K, used 2448K [0x00000000d5580000, 0x00000000d5c80000, 0x0000000100000000)
  eden space 2048K, 99% used [0x00000000d5580000,0x00000000d577d958,0x00000000d5780000)
  from space 512K, 80% used [0x00000000d5c00000,0x00000000d5c66a58,0x00000000d5c80000)
  to   space 1024K, 0% used [0x00000000d5a80000,0x00000000d5a80000,0x00000000d5b80000)
 ParOldGen       total 752640K, used 752347K [0x0000000080000000, 0x00000000adf00000, 0x00000000d5580000)
  object space 752640K, 99% used [0x0000000080000000,0x00000000adeb6ff8,0x00000000adf00000)
 Metaspace       used 81040K, committed 82880K, reserved 1179648K
  class space    used 8202K, committed 9088K, reserved 1048576K
}
Event: 1484.025 GC heap after
{Heap after GC invocations=1137 (full 4):
 PSYoungGen      total 3072K, used 256K [0x00000000d5580000, 0x00000000d5c80000, 0x0000000100000000)
  eden space 2048K, 0% used [0x00000000d5580000,0x00000000d5580000,0x00000000d5780000)
  from space 1024K, 25% used [0x00000000d5a80000,0x00000000d5ac0000,0x00000000d5b80000)
  to   space 512K, 0% used [0x00000000d5c00000,0x00000000d5c00000,0x00000000d5c80000)
 ParOldGen       total 752640K, used 752435K [0x0000000080000000, 0x00000000adf00000, 0x00000000d5580000)
  object space 752640K, 99% used [0x0000000080000000,0x00000000adeccc70,0x00000000adf00000)
 Metaspace       used 81040K, committed 82880K, reserved 1179648K
  class space    used 8202K, committed 9088K, reserved 1048576K
}
Event: 1555.072 GC heap before
{Heap before GC invocations=1138 (full 4):
 PSYoungGen      total 3072K, used 2304K [0x00000000d5580000, 0x00000000d5c80000, 0x0000000100000000)
  eden space 2048K, 100% used [0x00000000d5580000,0x00000000d5780000,0x00000000d5780000)
  from space 1024K, 25% used [0x00000000d5a80000,0x00000000d5ac0000,0x00000000d5b80000)
  to   space 512K, 0% used [0x00000000d5c00000,0x00000000d5c00000,0x00000000d5c80000)
 ParOldGen       total 752640K, used 752435K [0x0000000080000000, 0x00000000adf00000, 0x00000000d5580000)
  object space 752640K, 99% used [0x0000000080000000,0x00000000adeccc70,0x00000000adf00000)
 Metaspace       used 81112K, committed 83008K, reserved 1179648K
  class space    used 8207K, committed 9088K, reserved 1048576K
}
Event: 1555.076 GC heap after
{Heap after GC invocations=1138 (full 4):
 PSYoungGen      total 2560K, used 192K [0x00000000d5580000, 0x00000000d5c80000, 0x0000000100000000)
  eden space 2048K, 0% used [0x00000000d5580000,0x00000000d5580000,0x00000000d5780000)
  from space 512K, 37% used [0x00000000d5c00000,0x00000000d5c30000,0x00000000d5c80000)
  to   space 512K, 0% used [0x00000000d5b80000,0x00000000d5b80000,0x00000000d5c00000)
 ParOldGen       total 752640K, used 752542K [0x0000000080000000, 0x00000000adf00000, 0x00000000d5580000)
  object space 752640K, 99% used [0x0000000080000000,0x00000000adee7a70,0x00000000adf00000)
 Metaspace       used 81112K, committed 83008K, reserved 1179648K
  class space    used 8207K, committed 9088K, reserved 1048576K
}

Dll operation events (10 events):
Event: 0.023 Loaded shared library c:\Users\phorn\.antigravity\extensions\redhat.java-1.54.0-win32-x64\jre\21.0.10-win32-x86_64\bin\java.dll
Event: 0.162 Loaded shared library c:\Users\phorn\.antigravity\extensions\redhat.java-1.54.0-win32-x64\jre\21.0.10-win32-x86_64\bin\zip.dll
Event: 0.204 Loaded shared library C:\Users\phorn\.antigravity\extensions\redhat.java-1.54.0-win32-x64\jre\21.0.10-win32-x86_64\bin\instrument.dll
Event: 0.326 Loaded shared library C:\Users\phorn\.antigravity\extensions\redhat.java-1.54.0-win32-x64\jre\21.0.10-win32-x86_64\bin\net.dll
Event: 0.437 Loaded shared library C:\Users\phorn\.antigravity\extensions\redhat.java-1.54.0-win32-x64\jre\21.0.10-win32-x86_64\bin\nio.dll
Event: 0.445 Loaded shared library C:\Users\phorn\.antigravity\extensions\redhat.java-1.54.0-win32-x64\jre\21.0.10-win32-x86_64\bin\zip.dll
Event: 0.499 Loaded shared library C:\Users\phorn\.antigravity\extensions\redhat.java-1.54.0-win32-x64\jre\21.0.10-win32-x86_64\bin\jimage.dll
Event: 0.800 Loaded shared library c:\Users\phorn\.antigravity\extensions\redhat.java-1.54.0-win32-x64\jre\21.0.10-win32-x86_64\bin\verify.dll
Event: 4.996 Loaded shared library C:\Users\phorn\AppData\Roaming\Antigravity\User\globalStorage\redhat.java\1.54.0\config_win\org.eclipse.equinox.launcher\org.eclipse.equinox.launcher.win32.win32.x86_64_1.3.0.v20260203-2149\eclipse_11919.dll
Event: 10.850 Loaded shared library C:\Users\phorn\AppData\Local\Temp\jna-106642931\jna16167127945033124815.dll

Deoptimization events (20 events):
Event: 1554.898 Thread 0x000001da7ad5d380 Uncommon trap: trap_request=0xffffffde fr.pc=0x000001da24b21888 relative=0x0000000000000c28
Event: 1554.898 Thread 0x000001da7ad5d380 Uncommon trap: reason=class_check action=maybe_recompile pc=0x000001da24b21888 method=java.io.DataOutputStream.write([BII)V @ 7 c2
Event: 1554.898 Thread 0x000001da7ad5d380 DEOPT PACKING pc=0x000001da24b21888 sp=0x0000004ab1cfec90
Event: 1554.898 Thread 0x000001da7ad5d380 DEOPT UNPACKING pc=0x000001da23743aa2 sp=0x0000004ab1cfebc0 mode 2
Event: 1554.898 Thread 0x000001da7ad5d380 Uncommon trap: trap_request=0xffffffde fr.pc=0x000001da24b21888 relative=0x0000000000000c28
Event: 1554.898 Thread 0x000001da7ad5d380 Uncommon trap: reason=class_check action=maybe_recompile pc=0x000001da24b21888 method=java.io.DataOutputStream.write([BII)V @ 7 c2
Event: 1554.898 Thread 0x000001da7ad5d380 DEOPT PACKING pc=0x000001da24b21888 sp=0x0000004ab1cfebd0
Event: 1554.898 Thread 0x000001da7ad5d380 DEOPT UNPACKING pc=0x000001da23743aa2 sp=0x0000004ab1cfeb00 mode 2
Event: 1554.898 Thread 0x000001da7ad5d380 Uncommon trap: trap_request=0xffffffde fr.pc=0x000001da24b21888 relative=0x0000000000000c28
Event: 1554.898 Thread 0x000001da7ad5d380 Uncommon trap: reason=class_check action=maybe_recompile pc=0x000001da24b21888 method=java.io.DataOutputStream.write([BII)V @ 7 c2
Event: 1554.898 Thread 0x000001da7ad5d380 DEOPT PACKING pc=0x000001da24b21888 sp=0x0000004ab1cfeb20
Event: 1554.898 Thread 0x000001da7ad5d380 DEOPT UNPACKING pc=0x000001da23743aa2 sp=0x0000004ab1cfea50 mode 2
Event: 1554.898 Thread 0x000001da7ad5d380 Uncommon trap: trap_request=0xffffffde fr.pc=0x000001da24b21888 relative=0x0000000000000c28
Event: 1554.898 Thread 0x000001da7ad5d380 Uncommon trap: reason=class_check action=maybe_recompile pc=0x000001da24b21888 method=java.io.DataOutputStream.write([BII)V @ 7 c2
Event: 1554.898 Thread 0x000001da7ad5d380 DEOPT PACKING pc=0x000001da24b21888 sp=0x0000004ab1cfea60
Event: 1554.898 Thread 0x000001da7ad5d380 DEOPT UNPACKING pc=0x000001da23743aa2 sp=0x0000004ab1cfe990 mode 2
Event: 1554.901 Thread 0x000001da7ad5d380 Uncommon trap: trap_request=0xffffffde fr.pc=0x000001da24542a54 relative=0x0000000000000a14
Event: 1554.901 Thread 0x000001da7ad5d380 Uncommon trap: reason=class_check action=maybe_recompile pc=0x000001da24542a54 method=java.io.DataOutputStream.write([BII)V @ 7 c2
Event: 1554.901 Thread 0x000001da7ad5d380 DEOPT PACKING pc=0x000001da24542a54 sp=0x0000004ab1cfe7c0
Event: 1554.902 Thread 0x000001da7ad5d380 DEOPT UNPACKING pc=0x000001da23743aa2 sp=0x0000004ab1cfe6e0 mode 2

Classes loaded (20 events):
Event: 684.049 Loading class java/util/stream/Nodes$AbstractConcNode done
Event: 684.049 Loading class java/util/stream/Nodes$ConcNode done
Event: 684.065 Loading class java/io/ObjectOutputStream$BlockDataOutputStream
Event: 684.065 Loading class java/io/ObjectOutputStream$BlockDataOutputStream done
Event: 684.065 Loading class java/io/ObjectOutputStream$HandleTable
Event: 684.065 Loading class java/io/ObjectOutputStream$HandleTable done
Event: 684.065 Loading class java/io/ObjectOutputStream$ReplaceTable
Event: 684.066 Loading class java/io/ObjectOutputStream$ReplaceTable done
Event: 1255.084 Loading class jdk/internal/module/IllegalAccessLogger
Event: 1255.085 Loading class jdk/internal/module/IllegalAccessLogger done
Event: 1256.730 Loading class jdk/internal/module/IllegalAccessLogger
Event: 1256.730 Loading class jdk/internal/module/IllegalAccessLogger done
Event: 1258.981 Loading class jdk/internal/module/IllegalAccessLogger
Event: 1258.981 Loading class jdk/internal/module/IllegalAccessLogger done
Event: 1476.080 Loading class jdk/internal/module/IllegalAccessLogger
Event: 1476.080 Loading class jdk/internal/module/IllegalAccessLogger done
Event: 1483.866 Loading class java/util/function/IntPredicate
Event: 1483.868 Loading class java/util/function/IntPredicate done
Event: 1483.946 Loading class java/util/regex/Pattern$Bound
Event: 1483.946 Loading class java/util/regex/Pattern$Bound done

Classes unloaded (20 events):
Event: 460.507 Thread 0x000001da1907e760 Unloading class 0x000001da31734800 'java/lang/invoke/LambdaForm$MH+0x000001da31734800'
Event: 460.507 Thread 0x000001da1907e760 Unloading class 0x000001da31733800 'java/lang/invoke/LambdaForm$MH+0x000001da31733800'
Event: 460.507 Thread 0x000001da1907e760 Unloading class 0x000001da31733000 'java/lang/invoke/LambdaForm$MH+0x000001da31733000'
Event: 460.507 Thread 0x000001da1907e760 Unloading class 0x000001da31732c00 'java/lang/invoke/LambdaForm$MH+0x000001da31732c00'
Event: 460.507 Thread 0x000001da1907e760 Unloading class 0x000001da31732000 'java/lang/invoke/LambdaForm$MH+0x000001da31732000'
Event: 460.507 Thread 0x000001da1907e760 Unloading class 0x000001da31731800 'java/lang/invoke/LambdaForm$BMH+0x000001da31731800'
Event: 460.507 Thread 0x000001da1907e760 Unloading class 0x000001da31730c00 'java/lang/invoke/LambdaForm$DMH+0x000001da31730c00'
Event: 460.507 Thread 0x000001da1907e760 Unloading class 0x000001da3172c400 'java/lang/invoke/LambdaForm$MH+0x000001da3172c400'
Event: 460.507 Thread 0x000001da1907e760 Unloading class 0x000001da3172bc00 'java/lang/invoke/LambdaForm$MH+0x000001da3172bc00'
Event: 460.507 Thread 0x000001da1907e760 Unloading class 0x000001da3172b800 'java/lang/invoke/LambdaForm$MH+0x000001da3172b800'
Event: 460.507 Thread 0x000001da1907e760 Unloading class 0x000001da3172b000 'java/lang/invoke/LambdaForm$DMH+0x000001da3172b000'
Event: 460.507 Thread 0x000001da1907e760 Unloading class 0x000001da3172ac00 'java/lang/invoke/LambdaForm$MH+0x000001da3172ac00'
Event: 460.507 Thread 0x000001da1907e760 Unloading class 0x000001da3172a800 'java/lang/invoke/LambdaForm$MH+0x000001da3172a800'
Event: 460.507 Thread 0x000001da1907e760 Unloading class 0x000001da31729400 'java/lang/invoke/LambdaForm$DMH+0x000001da31729400'
Event: 460.507 Thread 0x000001da1907e760 Unloading class 0x000001da3170c800 'java/lang/invoke/LambdaForm$DMH+0x000001da3170c800'
Event: 460.507 Thread 0x000001da1907e760 Unloading class 0x000001da3170c000 'java/lang/invoke/LambdaForm$DMH+0x000001da3170c000'
Event: 460.507 Thread 0x000001da1907e760 Unloading class 0x000001da316e0400 'java/lang/invoke/LambdaForm$DMH+0x000001da316e0400'
Event: 460.507 Thread 0x000001da1907e760 Unloading class 0x000001da316e0000 'java/lang/invoke/LambdaForm$DMH+0x000001da316e0000'
Event: 460.507 Thread 0x000001da1907e760 Unloading class 0x000001da316d9c00 'java/lang/invoke/LambdaForm$DMH+0x000001da316d9c00'
Event: 460.507 Thread 0x000001da1907e760 Unloading class 0x000001da316d9400 'java/lang/invoke/LambdaForm$DMH+0x000001da316d9400'

Classes redefined (0 events):
No events

Internal exceptions (20 events):
Event: 684.061 Thread 0x000001da792710b0 Implicit null exception at 0x000001da24496224 to 0x000001da244965ac
Event: 684.085 Thread 0x000001da792710b0 Exception <a 'java/lang/NoSuchMethodError'{0x00000000d56e1798}: static [J.<clinit>()V> (0x00000000d56e1798) 
thrown [s\src\hotspot\share\prims\jni.cpp, line 1111]
Event: 684.095 Thread 0x000001da792710b0 Exception <a 'java/lang/NoSuchMethodError'{0x00000000d571bd10}: 'java.lang.Object java.lang.invoke.DirectMethodHandle$Holder.newInvokeSpecial(java.lang.Object, java.lang.Object, java.lang.Object, java.lang.Object, java.lang.Object, java.lang.Object, java.lang.Object, java.lang.Object)'> (0x00000000d571bd10) 
thrown [s\src\hotspot\share\interpreter\linkResolver.cpp, line 773]
Event: 1101.514 Thread 0x000001da7ad5ccf0 Exception <a 'java/lang/NoSuchMethodError'{0x00000000d56f1080}: 'java.lang.Object java.lang.invoke.DirectMethodHandle$Holder.invokeStatic(java.lang.Object, int, java.lang.Object, java.lang.Object, java.lang.Object, java.lang.Object)'> (0x00000000d56f1080) 
thrown [s\src\hotspot\share\interpreter\linkResolver.cpp, line 773]
Event: 1101.584 Thread 0x000001da7ad60800 Exception <a 'java/lang/ArrayIndexOutOfBoundsException'{0x00000000d55ab5d8}: Index 1018 out of bounds for length 1017> (0x00000000d55ab5d8) 
thrown [s\src\hotspot\share\interpreter\interpreterRuntime.cpp, line 439]
Event: 1254.593 Thread 0x000001da772596e0 Exception <a 'sun/nio/fs/WindowsException'{0x00000000d5612998}> (0x00000000d5612998) 
thrown [s\src\hotspot\share\prims\jni.cpp, line 520]
Event: 1254.884 Thread 0x000001da772596e0 Exception <a 'sun/nio/fs/WindowsException'{0x00000000d5b587e0}> (0x00000000d5b587e0) 
thrown [s\src\hotspot\share\prims\jni.cpp, line 520]
Event: 1256.564 Thread 0x000001da772596e0 Implicit null exception at 0x000001da24a57011 to 0x000001da24a598a4
Event: 1256.568 Thread 0x000001da772596e0 Exception <a 'sun/nio/fs/WindowsException'{0x00000000d5b52710}> (0x00000000d5b52710) 
thrown [s\src\hotspot\share\prims\jni.cpp, line 520]
Event: 1256.668 Thread 0x000001da7725cb60 Implicit null exception at 0x000001da245e962c to 0x000001da245e9e28
Event: 1256.789 Thread 0x000001da7ad5ccf0 Implicit null exception at 0x000001da24b31898 to 0x000001da24b3253c
Event: 1256.871 Thread 0x000001da772596e0 Exception <a 'sun/nio/fs/WindowsException'{0x00000000d5610e18}> (0x00000000d5610e18) 
thrown [s\src\hotspot\share\prims\jni.cpp, line 520]
Event: 1258.660 Thread 0x000001da772596e0 Exception <a 'sun/nio/fs/WindowsException'{0x00000000d560e1a0}> (0x00000000d560e1a0) 
thrown [s\src\hotspot\share\prims\jni.cpp, line 520]
Event: 1259.153 Thread 0x000001da772596e0 Exception <a 'sun/nio/fs/WindowsException'{0x00000000d558bc88}> (0x00000000d558bc88) 
thrown [s\src\hotspot\share\prims\jni.cpp, line 520]
Event: 1475.895 Thread 0x000001da772596e0 Exception <a 'sun/nio/fs/WindowsException'{0x00000000d5ae2e90}> (0x00000000d5ae2e90) 
thrown [s\src\hotspot\share\prims\jni.cpp, line 520]
Event: 1476.183 Thread 0x000001da772596e0 Exception <a 'sun/nio/fs/WindowsException'{0x00000000d55bc120}> (0x00000000d55bc120) 
thrown [s\src\hotspot\share\prims\jni.cpp, line 520]
Event: 1483.604 Thread 0x000001da7ad5fae0 Implicit null exception at 0x000001da24800959 to 0x000001da24804100
Event: 1483.873 Thread 0x000001da7ad5edc0 Exception <a 'java/lang/NoSuchMethodError'{0x00000000d559c1f0}: 'int java.lang.invoke.DirectMethodHandle$Holder.invokeStaticInit(java.lang.Object, int)'> (0x00000000d559c1f0) 
thrown [s\src\hotspot\share\interpreter\linkResolver.cpp, line 773]
Event: 1554.876 Thread 0x000001da7ad5d380 Exception <a 'sun/nio/fs/WindowsException'{0x00000000d56b6c48}> (0x00000000d56b6c48) 
thrown [s\src\hotspot\share\prims\jni.cpp, line 520]
Event: 1554.876 Thread 0x000001da7ad5d380 Exception <a 'sun/nio/fs/WindowsException'{0x00000000d56b7510}> (0x00000000d56b7510) 
thrown [s\src\hotspot\share\prims\jni.cpp, line 520]

ZGC Phase Switch (0 events):
No events

VM Operations (20 events):
Event: 1483.843 Executing safepoint VM operation: ParallelGCFailedAllocation (Allocation Failure)
Event: 1483.848 Executing safepoint VM operation: ParallelGCFailedAllocation (Allocation Failure) done
Event: 1484.020 Executing safepoint VM operation: ParallelGCFailedAllocation (Allocation Failure)
Event: 1484.025 Executing safepoint VM operation: ParallelGCFailedAllocation (Allocation Failure) done
Event: 1485.040 Executing safepoint VM operation: Cleanup
Event: 1485.040 Executing safepoint VM operation: Cleanup done
Event: 1503.050 Executing non-safepoint VM operation: HandshakeAllThreads (HandshakeForDeflation)
Event: 1503.051 Executing non-safepoint VM operation: HandshakeAllThreads (HandshakeForDeflation) done
Event: 1503.051 Executing non-safepoint VM operation: RendezvousGCThreads
Event: 1503.051 Executing non-safepoint VM operation: RendezvousGCThreads done
Event: 1555.072 Executing safepoint VM operation: ParallelGCFailedAllocation (Allocation Failure)
Event: 1555.076 Executing safepoint VM operation: ParallelGCFailedAllocation (Allocation Failure) done
Event: 1556.085 Executing safepoint VM operation: Cleanup
Event: 1556.085 Executing safepoint VM operation: Cleanup done
Event: 1563.062 Executing non-safepoint VM operation: HandshakeAllThreads (HandshakeForDeflation)
Event: 1563.063 Executing non-safepoint VM operation: HandshakeAllThreads (HandshakeForDeflation) done
Event: 1563.063 Executing non-safepoint VM operation: RendezvousGCThreads
Event: 1563.063 Executing non-safepoint VM operation: RendezvousGCThreads done
Event: 1776.905 Executing safepoint VM operation: Cleanup
Event: 1776.909 Executing safepoint VM operation: Cleanup done

Memory protections (0 events):
No events

Nmethod flushes (20 events):
Event: 460.540 Thread 0x000001da1907e760 flushing  nmethod 0x000001da1d092a90
Event: 460.540 Thread 0x000001da1907e760 flushing  nmethod 0x000001da1d093810
Event: 460.540 Thread 0x000001da1907e760 flushing  nmethod 0x000001da1d0d3490
Event: 460.540 Thread 0x000001da1907e760 flushing  nmethod 0x000001da1d0dc990
Event: 460.540 Thread 0x000001da1907e760 flushing  nmethod 0x000001da1d0dd510
Event: 460.540 Thread 0x000001da1907e760 flushing  nmethod 0x000001da1d0ecd10
Event: 460.540 Thread 0x000001da1907e760 flushing  nmethod 0x000001da1d0f0d10
Event: 460.540 Thread 0x000001da1907e760 flushing  nmethod 0x000001da1d0f1110
Event: 460.540 Thread 0x000001da1907e760 flushing  nmethod 0x000001da1d0f7010
Event: 460.540 Thread 0x000001da1907e760 flushing  nmethod 0x000001da1d0f8f90
Event: 460.540 Thread 0x000001da1907e760 flushing  nmethod 0x000001da1d0fa410
Event: 460.540 Thread 0x000001da1907e760 flushing  nmethod 0x000001da1d105490
Event: 460.540 Thread 0x000001da1907e760 flushing  nmethod 0x000001da1d106710
Event: 460.540 Thread 0x000001da1907e760 flushing  nmethod 0x000001da1d122c10
Event: 460.540 Thread 0x000001da1907e760 flushing  nmethod 0x000001da1d124390
Event: 460.540 Thread 0x000001da1907e760 flushing  nmethod 0x000001da1d12db90
Event: 460.540 Thread 0x000001da1907e760 flushing osr nmethod 0x000001da1d1a0390
Event: 460.540 Thread 0x000001da1907e760 flushing  nmethod 0x000001da1d214190
Event: 460.540 Thread 0x000001da1907e760 flushing  nmethod 0x000001da1d21d490
Event: 460.540 Thread 0x000001da1907e760 flushing  nmethod 0x000001da1d229610

Events (20 events):
Event: 1537.883 Thread 0x000001da7ad5e0a0 Thread exited: 0x000001da7ad5e0a0
Event: 1545.092 Thread 0x000001da7ad5edc0 Thread exited: 0x000001da7ad5edc0
Event: 1554.867 Thread 0x000001da7ad5d380 Thread added: 0x000001da792710b0
Event: 1554.867 Thread 0x000001da792710b0 Thread exited: 0x000001da792710b0
Event: 1554.878 Thread 0x000001da7ad5d380 Thread added: 0x000001da792710b0
Event: 1554.878 Thread 0x000001da792710b0 Thread exited: 0x000001da792710b0
Event: 1554.889 Thread 0x000001da18f52be0 Thread added: 0x000001da77729aa0
Event: 1554.990 Thread 0x000001da7ad5e730 Thread exited: 0x000001da7ad5e730
Event: 1555.069 Thread 0x000001da77729aa0 Thread exited: 0x000001da77729aa0
Event: 1555.193 Thread 0x000001da7ad60800 Thread exited: 0x000001da7ad60800
Event: 1556.711 Thread 0x000001da7ad62240 Thread exited: 0x000001da7ad62240
Event: 1556.837 Thread 0x000001da7ad61520 Thread exited: 0x000001da7ad61520
Event: 1558.845 Thread 0x000001da7ad628d0 Thread exited: 0x000001da7ad628d0
Event: 1605.104 Thread 0x000001da7ad5fae0 Thread exited: 0x000001da7ad5fae0
Event: 1665.116 Thread 0x000001da79274bc0 Thread exited: 0x000001da79274bc0
Event: 1725.128 Thread 0x000001da79275f70 Thread exited: 0x000001da79275f70
Event: 1776.059 Thread 0x000001da79273ea0 Thread exited: 0x000001da79273ea0
Event: 1785.135 Thread 0x000001da79274530 Thread exited: 0x000001da79274530
Event: 1845.144 Thread 0x000001da7ad60170 Thread exited: 0x000001da7ad60170
Event: 1905.145 Thread 0x000001da792758e0 Thread exited: 0x000001da792758e0


Dynamic libraries:
0x00007ff6ad140000 - 0x00007ff6ad14e000 	c:\Users\phorn\.antigravity\extensions\redhat.java-1.54.0-win32-x64\jre\21.0.10-win32-x86_64\bin\java.exe
0x00007ffe2c2c0000 - 0x00007ffe2c527000 	C:\WINDOWS\SYSTEM32\ntdll.dll
0x00007ffe2a110000 - 0x00007ffe2a1d9000 	C:\WINDOWS\System32\KERNEL32.DLL
0x00007ffe28cc0000 - 0x00007ffe290b4000 	C:\WINDOWS\System32\KERNELBASE.dll
0x00007ffe29460000 - 0x00007ffe295ab000 	C:\WINDOWS\System32\ucrtbase.dll
0x00007ffdd4d10000 - 0x00007ffdd4d28000 	c:\Users\phorn\.antigravity\extensions\redhat.java-1.54.0-win32-x64\jre\21.0.10-win32-x86_64\bin\jli.dll
0x00007ffe2bd60000 - 0x00007ffe2bf25000 	C:\WINDOWS\System32\USER32.dll
0x00007ffe29200000 - 0x00007ffe29227000 	C:\WINDOWS\System32\win32u.dll
0x00007ffe2a770000 - 0x00007ffe2a79b000 	C:\WINDOWS\System32\GDI32.dll
0x00007ffe28b90000 - 0x00007ffe28cbb000 	C:\WINDOWS\System32\gdi32full.dll
0x00007ffe29fa0000 - 0x00007ffe2a043000 	C:\WINDOWS\System32\msvcp_win.dll
0x00007ffdc6ac0000 - 0x00007ffdc6ade000 	c:\Users\phorn\.antigravity\extensions\redhat.java-1.54.0-win32-x64\jre\21.0.10-win32-x86_64\bin\VCRUNTIME140.dll
0x00007ffe0cd20000 - 0x00007ffe0cfb3000 	C:\WINDOWS\WinSxS\amd64_microsoft.windows.common-controls_6595b64144ccf1df_6.0.26100.8115_none_3e075c82e3354f9c\COMCTL32.dll
0x00007ffe2aae0000 - 0x00007ffe2ab89000 	C:\WINDOWS\System32\msvcrt.dll
0x00007ffe2a580000 - 0x00007ffe2a5b2000 	C:\WINDOWS\System32\IMM32.DLL
0x00007ffe241d0000 - 0x00007ffe241dc000 	c:\Users\phorn\.antigravity\extensions\redhat.java-1.54.0-win32-x64\jre\21.0.10-win32-x86_64\bin\vcruntime140_1.dll
0x00007ffdbef50000 - 0x00007ffdbefdd000 	c:\Users\phorn\.antigravity\extensions\redhat.java-1.54.0-win32-x64\jre\21.0.10-win32-x86_64\bin\msvcp140.dll
0x00007ffdb44e0000 - 0x00007ffdb5281000 	c:\Users\phorn\.antigravity\extensions\redhat.java-1.54.0-win32-x64\jre\21.0.10-win32-x86_64\bin\server\jvm.dll
0x00007ffe2bca0000 - 0x00007ffe2bd56000 	C:\WINDOWS\System32\ADVAPI32.dll
0x00007ffe2a8c0000 - 0x00007ffe2a967000 	C:\WINDOWS\System32\sechost.dll
0x00007ffe2a7a0000 - 0x00007ffe2a8b8000 	C:\WINDOWS\System32\RPCRT4.dll
0x00007ffe2a050000 - 0x00007ffe2a0d0000 	C:\WINDOWS\System32\WS2_32.dll
0x00007ffe28a10000 - 0x00007ffe28a6e000 	C:\WINDOWS\SYSTEM32\POWRPROF.dll
0x00007ffe1d6b0000 - 0x00007ffe1d6e6000 	C:\WINDOWS\SYSTEM32\WINMM.dll
0x00007ffe21c10000 - 0x00007ffe21c1b000 	C:\WINDOWS\SYSTEM32\VERSION.dll
0x00007ffe289f0000 - 0x00007ffe28a04000 	C:\WINDOWS\SYSTEM32\UMPDC.dll
0x00007ffe278e0000 - 0x00007ffe278fb000 	C:\WINDOWS\SYSTEM32\kernel.appcore.dll
0x00007ffe1ca20000 - 0x00007ffe1ca2a000 	c:\Users\phorn\.antigravity\extensions\redhat.java-1.54.0-win32-x64\jre\21.0.10-win32-x86_64\bin\jimage.dll
0x00007ffe1d3f0000 - 0x00007ffe1d632000 	C:\WINDOWS\SYSTEM32\DBGHELP.DLL
0x00007ffe2ac10000 - 0x00007ffe2af92000 	C:\WINDOWS\System32\combase.dll
0x00007ffe2a970000 - 0x00007ffe2aa48000 	C:\WINDOWS\System32\OLEAUT32.dll
0x00007ffe1d350000 - 0x00007ffe1d38b000 	C:\WINDOWS\SYSTEM32\dbgcore.DLL
0x00007ffe29150000 - 0x00007ffe291f5000 	C:\WINDOWS\System32\bcryptPrimitives.dll
0x00007ffe1b920000 - 0x00007ffe1b92f000 	c:\Users\phorn\.antigravity\extensions\redhat.java-1.54.0-win32-x64\jre\21.0.10-win32-x86_64\bin\instrument.dll
0x00007ffdc63d0000 - 0x00007ffdc63f0000 	c:\Users\phorn\.antigravity\extensions\redhat.java-1.54.0-win32-x64\jre\21.0.10-win32-x86_64\bin\java.dll
0x00007ffe2b0a0000 - 0x00007ffe2b807000 	C:\WINDOWS\System32\SHELL32.dll
0x00007ffe292f0000 - 0x00007ffe2945a000 	C:\WINDOWS\System32\wintypes.dll
0x00007ffe29730000 - 0x00007ffe29f98000 	C:\WINDOWS\System32\windows.storage.dll
0x00007ffe2bf30000 - 0x00007ffe2c028000 	C:\WINDOWS\System32\SHCORE.dll
0x00007ffe2a510000 - 0x00007ffe2a576000 	C:\WINDOWS\System32\shlwapi.dll
0x00007ffe28ab0000 - 0x00007ffe28ad9000 	C:\WINDOWS\SYSTEM32\profapi.dll
0x00007ffdc18f0000 - 0x00007ffdc1908000 	c:\Users\phorn\.antigravity\extensions\redhat.java-1.54.0-win32-x64\jre\21.0.10-win32-x86_64\bin\zip.dll
0x00007ffe1b8f0000 - 0x00007ffe1b900000 	C:\Users\phorn\.antigravity\extensions\redhat.java-1.54.0-win32-x64\jre\21.0.10-win32-x86_64\bin\net.dll
0x00007ffe213f0000 - 0x00007ffe2151d000 	C:\WINDOWS\SYSTEM32\WINHTTP.dll
0x00007ffe27e30000 - 0x00007ffe27e9c000 	C:\WINDOWS\system32\mswsock.dll
0x00007ffdc18d0000 - 0x00007ffdc18e6000 	C:\Users\phorn\.antigravity\extensions\redhat.java-1.54.0-win32-x64\jre\21.0.10-win32-x86_64\bin\nio.dll
0x00007ffe1a580000 - 0x00007ffe1a590000 	c:\Users\phorn\.antigravity\extensions\redhat.java-1.54.0-win32-x64\jre\21.0.10-win32-x86_64\bin\verify.dll
0x00007ffdbee90000 - 0x00007ffdbeed5000 	C:\Users\phorn\AppData\Roaming\Antigravity\User\globalStorage\redhat.java\1.54.0\config_win\org.eclipse.equinox.launcher\org.eclipse.equinox.launcher.win32.win32.x86_64_1.3.0.v20260203-2149\eclipse_11919.dll
0x00007ffe2c0e0000 - 0x00007ffe2c277000 	C:\WINDOWS\System32\ole32.dll
0x00007ffe28230000 - 0x00007ffe2824b000 	C:\WINDOWS\SYSTEM32\CRYPTSP.dll
0x00007ffe27840000 - 0x00007ffe27879000 	C:\WINDOWS\system32\rsaenh.dll
0x00007ffe27ee0000 - 0x00007ffe27f13000 	C:\WINDOWS\SYSTEM32\USERENV.dll
0x00007ffe28a80000 - 0x00007ffe28aaa000 	C:\WINDOWS\SYSTEM32\bcrypt.dll
0x00007ffe28090000 - 0x00007ffe2809c000 	C:\WINDOWS\SYSTEM32\CRYPTBASE.dll
0x00007ffe272c0000 - 0x00007ffe272f2000 	C:\WINDOWS\SYSTEM32\IPHLPAPI.DLL
0x00007ffe2aa50000 - 0x00007ffe2aa5a000 	C:\WINDOWS\System32\NSI.dll
0x00007ffdc0920000 - 0x00007ffdc0969000 	C:\Users\phorn\AppData\Local\Temp\jna-106642931\jna16167127945033124815.dll
0x00007ffe2aad0000 - 0x00007ffe2aad8000 	C:\WINDOWS\System32\PSAPI.DLL
0x00007ffe219e0000 - 0x00007ffe219fd000 	C:\WINDOWS\SYSTEM32\dhcpcsvc6.DLL
0x00007ffe213c0000 - 0x00007ffe213e5000 	C:\WINDOWS\SYSTEM32\dhcpcsvc.DLL

JVMTI agents:
c:\Users\phorn\.antigravity\extensions\redhat.java-1.54.0-win32-x64\lombok\lombok-1.18.39-4050.jar path:c:\Users\phorn\.antigravity\extensions\redhat.java-1.54.0-win32-x64\jre\21.0.10-win32-x86_64\bin\instrument.dll, loaded, initialized, instrumentlib options:none

dbghelp: loaded successfully - version: 4.0.5 - missing functions: none
symbol engine: initialized successfully - sym options: 0x614 - pdb path: .;c:\Users\phorn\.antigravity\extensions\redhat.java-1.54.0-win32-x64\jre\21.0.10-win32-x86_64\bin;C:\WINDOWS\SYSTEM32;C:\WINDOWS\WinSxS\amd64_microsoft.windows.common-controls_6595b64144ccf1df_6.0.26100.8115_none_3e075c82e3354f9c;c:\Users\phorn\.antigravity\extensions\redhat.java-1.54.0-win32-x64\jre\21.0.10-win32-x86_64\bin\server;C:\Users\phorn\AppData\Roaming\Antigravity\User\globalStorage\redhat.java\1.54.0\config_win\org.eclipse.equinox.launcher\org.eclipse.equinox.launcher.win32.win32.x86_64_1.3.0.v20260203-2149;C:\Users\phorn\AppData\Local\Temp\jna-106642931

VM Arguments:
jvm_args: --add-modules=ALL-SYSTEM --add-opens=java.base/java.util=ALL-UNNAMED --add-opens=java.base/java.lang=ALL-UNNAMED --add-opens=java.base/sun.nio.fs=ALL-UNNAMED -Declipse.application=org.eclipse.jdt.ls.core.id1 -Dosgi.bundles.defaultStartLevel=4 -Declipse.product=org.eclipse.jdt.ls.core.product -Djava.import.generatesMetadataFilesAtProjectRoot=false -DDetectVMInstallationsJob.disabled=true -Dfile.encoding=utf8 -XX:+UseParallelGC -XX:GCTimeRatio=4 -XX:AdaptiveSizePolicyWeight=90 -Dsun.zip.disableMemoryMapping=true -Xmx2G -Xms100m -Xlog:disable -javaagent:c:\Users\phorn\.antigravity\extensions\redhat.java-1.54.0-win32-x64\lombok\lombok-1.18.39-4050.jar -XX:+HeapDumpOnOutOfMemoryError -XX:HeapDumpPath=c:\Users\phorn\AppData\Roaming\Antigravity\User\workspaceStorage\a8d2eb4c0e9f01341d3e3e6bd1828834\redhat.java -Daether.dependencyCollector.impl=bf 
java_command: c:\Users\phorn\.antigravity\extensions\redhat.java-1.54.0-win32-x64\server\plugins\org.eclipse.equinox.launcher_1.7.100.v20251111-0406.jar -configuration c:\Users\phorn\AppData\Roaming\Antigravity\User\globalStorage\redhat.java\1.54.0\config_win -data c:\Users\phorn\AppData\Roaming\Antigravity\User\workspaceStorage\a8d2eb4c0e9f01341d3e3e6bd1828834\redhat.java\jdt_ws --pipe=\\.\pipe\lsp-42ad544708c6e07e27d35eec2af4aba5-sock
java_class_path (initial): c:\Users\phorn\.antigravity\extensions\redhat.java-1.54.0-win32-x64\server\plugins\org.eclipse.equinox.launcher_1.7.100.v20251111-0406.jar
Launcher Type: SUN_STANDARD

[Global flags]
    uintx AdaptiveSizePolicyWeight                 = 90                                        {product} {command line}
     intx CICompilerCount                          = 4                                         {product} {ergonomic}
    uintx GCTimeRatio                              = 4                                         {product} {command line}
     bool HeapDumpOnOutOfMemoryError               = true                                   {manageable} {command line}
    ccstr HeapDumpPath                             = c:\Users\phorn\AppData\Roaming\Antigravity\User\workspaceStorage\a8d2eb4c0e9f01341d3e3e6bd1828834\redhat.java         {manageable} {command line}
   size_t InitialHeapSize                          = 104857600                                 {product} {command line}
   size_t MaxHeapSize                              = 2147483648                                {product} {command line}
   size_t MaxNewSize                               = 715653120                                 {product} {ergonomic}
   size_t MinHeapDeltaBytes                        = 524288                                    {product} {ergonomic}
   size_t MinHeapSize                              = 104857600                                 {product} {command line}
   size_t NewSize                                  = 34603008                                  {product} {ergonomic}
    uintx NonNMethodCodeHeapSize                   = 5839372                                {pd product} {ergonomic}
    uintx NonProfiledCodeHeapSize                  = 122909434                              {pd product} {ergonomic}
   size_t OldSize                                  = 70254592                                  {product} {ergonomic}
    uintx ProfiledCodeHeapSize                     = 122909434                              {pd product} {ergonomic}
    uintx ReservedCodeCacheSize                    = 251658240                              {pd product} {ergonomic}
     bool SegmentedCodeCache                       = true                                      {product} {ergonomic}
   size_t SoftMaxHeapSize                          = 2147483648                             {manageable} {ergonomic}
     bool UseCompressedOops                        = true                           {product lp64_product} {ergonomic}
     bool UseLargePagesIndividualAllocation        = false                                  {pd product} {ergonomic}
     bool UseParallelGC                            = true                                      {product} {command line}

Logging:
Log output configuration:
 #0: stdout all=off uptime,level,tags foldmultilines=false
 #1: stderr all=off uptime,level,tags foldmultilines=false

Release file:
JAVA_VERSION="21.0.10" 
MODULES="java.base java.compiler java.datatransfer java.xml java.prefs java.desktop java.instrument java.logging java.management java.security.sasl java.naming java.rmi java.management.rmi java.net.http java.scripting java.security.jgss java.transaction.xa java.sql java.sql.rowset java.xml.crypto java.se java.smartcardio jdk.accessibility jdk.internal.jvmstat jdk.attach jdk.charsets jdk.internal.opt jdk.zipfs jdk.compiler jdk.crypto.ec jdk.crypto.cryptoki jdk.crypto.mscapi jdk.dynalink jdk.internal.ed jdk.editpad jdk.hotspot.agent jdk.httpserver jdk.internal.le jdk.internal.vm.ci jdk.internal.vm.compiler jdk.internal.vm.compiler.management jdk.jartool jdk.javadoc jdk.jcmd jdk.management jdk.management.agent jdk.jconsole jdk.jdeps jdk.jdwp.agent jdk.jdi jdk.jfr jdk.jshell jdk.jsobject jdk.jstatd jdk.localedata jdk.management.jfr jdk.naming.dns jdk.naming.rmi jdk.net jdk.nio.mapmode jdk.random jdk.sctp jdk.security.auth jdk.security.jgss jdk.unsupported jdk.unsupported.desktop jdk.xml.dom" 

Environment Variables:
PATH=C:\Program Files\Common Files\Oracle\Java\javapath;C:\WINDOWS\system32;C:\WINDOWS;C:\WINDOWS\System32\Wbem;C:\WINDOWS\System32\WindowsPowerShell\v1.0\;C:\WINDOWS\System32\OpenSSH\;C:\Program Files\nodejs\;C:\Program Files\Docker\Docker\resources\bin;C:\Program Files\Git\cmd;C:\ffmpeg\ffmpeg-2026-04-06-git-7fd2be97b9-essentials_build\bin;C:\Users\phorn\AppData\Local\Python\pythoncore-3.14-64\Scripts;C:\Users\phorn\.local\bin;C:\Users\phorn\AppData\Local\Programs\Python\Launcher\;C:\Users\phorn\AppData\Local\Microsoft\WindowsApps;C:\Program Files\JetBrains\IntelliJ IDEA 2026.1\bin;C:\Program Files\JetBrains\WebStorm 2026.1\bin;C:\Users\phorn\AppData\Roaming\npm;C:\Users\phorn\AppData\Local\Python\bin;C:\Users\phorn\AppData\Local\Programs\Microsoft VS Code\bin;C:\Users\phorn\AppData\Local\Programs\Antigravity\bin
USERNAME=phorn
OS=Windows_NT
PROCESSOR_IDENTIFIER=Intel64 Family 6 Model 142 Stepping 12, GenuineIntel
TMP=C:\Users\phorn\AppData\Local\Temp
TEMP=C:\Users\phorn\AppData\Local\Temp




Periodic native trim disabled

---------------  S Y S T E M  ---------------

OS:
 Windows 11 , 64 bit Build 26100 (10.0.26100.8246)
OS uptime: 0 days 1:13 hours
Hyper-V role detected

CPU: total 8 (initial active 8) (4 cores per cpu, 2 threads per core) family 6 model 142 stepping 12 microcode 0xfe, cx8, cmov, fxsr, ht, mmx, 3dnowpref, sse, sse2, sse3, ssse3, sse4.1, sse4.2, popcnt, lzcnt, tsc, tscinvbit, avx, avx2, aes, erms, clmul, bmi1, bmi2, adx, fma, vzeroupper, clflush, clflushopt, hv, rdtscp, f16c
Processor Information for the first 8 processors :
  Max Mhz: 1800, Current Mhz: 1600, Mhz Limit: 1584

Memory: 4k page, system-wide physical 8067M (1027M free)
TotalPageFile size 23315M (AvailPageFile size 87M)
current process WorkingSet (physical memory assigned to process): 14M, peak: 718M
current process commit charge ("private bytes"): 1118M, peak: 1120M

vm_info: OpenJDK 64-Bit Server VM (21.0.10+7-LTS) for windows-amd64 JRE (21.0.10+7-LTS), built on 2026-01-20T00:00:00Z by "admin" with MS VC++ 17.12 (VS2022)

END.
